{"meta": {"format": 3, "version": "7.12.0", "timestamp": "2025-11-27T17:40:20.697149", "branch_coverage": true, "show_contexts": false}, "files": {"src/__init__.py": {"executed_lines": [1, 3], "summary": {"covered_lines": 1, "num_statements": 1, "percent_covered": 100.0, "percent_covered_display": "100", "missing_lines": 0, "excluded_lines": 0, "percent_statements_covered": 100.0, "percent_statements_covered_display": "100", "num_branches": 0, "num_partial_branches": 0, "covered_branches": 0, "missing_branches": 0, "percent_branches_covered": 100.0, "percent_branches_covered_display": "100"}, "missing_lines": [], "excluded_lines": [], "executed_branches": [], "missing_branches": [], "functions": {"": {"executed_lines": [1, 3], "summary": {"covered_lines": 1, "num_statements": 1, "percent_covered": 100.0, "percent_covered_display": "100", "missing_lines": 0, "excluded_lines": 0, "percent_statements_covered": 100.0, "percent_statements_covered_display": "100", "num_branches": 0, "num_partial_branches": 0, "covered_branches": 0, "missing_branches": 0, "percent_branches_covered": 100.0, "percent_branches_covered_display": "100"}, "missing_lines": [], "excluded_lines": [], "executed_branches": [], "missing_branches": []}}, "classes": {"": {"executed_lines": [1, 3], "summary": {"covered_lines": 1, "num_statements": 1, "percent_covered": 100.0, "percent_covered_display": "100", "missing_lines": 0, "excluded_lines": 0, "percent_statements_covered": 100.0, "percent_statements_covered_display": "100", "num_branches": 0, "num_partial_branches": 0, "covered_branches": 0, "missing_branches": 0, "percent_branches_covered": 100.0, "percent_branches_covered_display": "100"}, "missing_lines": [], "excluded_lines": [], "executed_branches": [], "missing_branches": []}}}, "src/plugins/__init__.py": {"executed_lines": [1, 3, 4, 5, 7], "summary": {"covered_lines": 4, "num_statements": 4, "percent_covered": 100.0, "percent_covered_display": "100", "missing_lines": 0, "excluded_lines": 0, "percent_statements_covered": 100.0, "percent_statements_covered_display": "100", "num_branches": 0, "num_partial_branches": 0, "covered_branches": 0, "missing_branches": 0, "percent_branches_covered": 100.0, "percent_branches_covered_display": "100"}, "missing_lines": [], "excluded_lines": [], "executed_branches": [], "missing_branches": [], "functions": {"": {"executed_lines": [1, 3, 4, 5, 7], "summary": {"covered_lines": 4, "num_statements": 4, "percent_covered": 100.0, "percent_covered_display": "100", "missing_lines": 0, "excluded_lines": 0, "percent_statements_covered": 100.0, "percent_statements_covered_display": "100", "num_branches": 0, "num_partial_branches": 0, "covered_branches": 0, "missing_branches": 0, "percent_branches_covered": 100.0, "percent_branches_covered_display": "100"}, "missing_lines": [], "excluded_lines": [], "executed_branches": [], "missing_branches": []}}, "classes": {"": {"executed_lines": [1, 3, 4, 5, 7], "summary": {"covered_lines": 4, "num_statements": 4, "percent_covered": 100.0, "percent_covered_display": "100", "missing_lines": 0, "excluded_lines": 0, "percent_statements_covered": 100.0, "percent_statements_covered_display": "100", "num_branches": 0, "num_partial_branches": 0, "covered_branches": 0, "missing_branches": 0, "percent_branches_covered": 100.0, "percent_branches_covered_display": "100"}, "missing_lines": [], "excluded_lines": [], "executed_branches": [], "missing_branches": []}}}, "src/plugins/base.py": {"executed_lines": [1, 185, 187, 188, 189, 192, 193, 194, 196, 197, 198, 200, 206, 213, 214, 215, 217, 218, 220, 226, 232, 233, 259, 260, 261, 265, 266, 267, 271, 272, 280, 281], "summary": {"covered_lines": 28, "num_statements": 32, "percent_covered": 87.5, "percent_covered_display": "88", "missing_lines": 4, "excluded_lines": 0, "percent_statements_covered": 87.5, "percent_statements_covered_display": "88", "num_branches": 0, "num_partial_branches": 0, "covered_branches": 0, "missing_branches": 0, "percent_branches_covered": 100.0, "percent_branches_covered_display": "100"}, "missing_lines": [263, 269, 278, 291], "excluded_lines": [], "executed_branches": [], "missing_branches": [], "functions": {"ToolDefinition.to_dict": {"executed_lines": [206], "summary": {"covered_lines": 1, "num_statements": 1, "percent_covered": 100.0, "percent_covered_display": "100", "missing_lines": 0, "excluded_lines": 0, "percent_statements_covered": 100.0, "percent_statements_covered_display": "100", "num_branches": 0, "num_partial_branches": 0, "covered_branches": 0, "missing_branches": 0, "percent_branches_covered": 100.0, "percent_branches_covered_display": "100"}, "missing_lines": [], "excluded_lines": [], "executed_branches": [], "missing_branches": []}, "ToolResult.to_dict": {"executed_lines": [226], "summary": {"covered_lines": 1, "num_statements": 1, "percent_covered": 100.0, "percent_covered_display": "100", "missing_lines": 0, "excluded_lines": 0, "percent_statements_covered": 100.0, "percent_statements_covered_display": "100", "num_branches": 0, "num_partial_branches": 0, "covered_branches": 0, "missing_branches": 0, "percent_branches_covered": 100.0, "percent_branches_covered_display": "100"}, "missing_lines": [], "excluded_lines": [], "executed_branches": [], "missing_branches": []}, "PluginBase.name": {"executed_lines": [], "summary": {"covered_lines": 0, "num_statements": 1, "percent_covered": 0.0, "percent_covered_display": "0", "missing_lines": 1, "excluded_lines": 0, "percent_statements_covered": 0.0, "percent_statements_covered_display": "0", "num_branches": 0, "num_partial_branches": 0, "covered_branches": 0, "missing_branches": 0, "percent_branches_covered": 100.0, "percent_branches_covered_display": "100"}, "missing_lines": [263], "excluded_lines": [], "executed_branches": [], "missing_branches": []}, "PluginBase.version": {"executed_lines": [], "summary": {"covered_lines": 0, "num_statements": 1, "percent_covered": 0.0, "percent_covered_display": "0", "missing_lines": 1, "excluded_lines": 0, "percent_statements_covered": 0.0, "percent_statements_covered_display": "0", "num_branches": 0, "num_partial_branches": 0, "covered_branches": 0, "missing_branches": 0, "percent_branches_covered": 100.0, "percent_branches_covered_display": "100"}, "missing_lines": [269], "excluded_lines": [], "executed_branches": [], "missing_branches": []}, "PluginBase.get_tools": {"executed_lines": [], "summary": {"covered_lines": 0, "num_statements": 1, "percent_covered": 0.0, "percent_covered_display": "0", "missing_lines": 1, "excluded_lines": 0, "percent_statements_covered": 0.0, "percent_statements_covered_display": "0", "num_branches": 0, "num_partial_branches": 0, "covered_branches": 0, "missing_branches": 0, "percent_branches_covered": 100.0, "percent_branches_covered_display": "100"}, "missing_lines": [278], "excluded_lines": [], "executed_branches": [], "missing_branches": []}, "PluginBase.execute": {"executed_lines": [], "summary": {"covered_lines": 0, "num_statements": 1, "percent_covered": 0.0, "percent_covered_display": "0", "missing_lines": 1, "excluded_lines": 0, "percent_statements_covered": 0.0, "percent_statements_covered_display": "0", "num_branches": 0, "num_partial_branches": 0, "covered_branches": 0, "missing_branches": 0, "percent_branches_covered": 100.0, "percent_branches_covered_display": "100"}, "missing_lines": [291], "excluded_lines": [], "executed_branches": [], "missing_branches": []}, "": {"executed_lines": [1, 185, 187, 188, 189, 192, 193, 194, 196, 197, 198, 200, 213, 214, 215, 217, 218, 220, 232, 233, 259, 260, 261, 265, 266, 267, 271, 272, 280, 281], "summary": {"covered_lines": 26, "num_statements": 26, "percent_covered": 100.0, "percent_covered_display": "100", "missing_lines": 0, "excluded_lines": 0, "percent_statements_covered": 100.0, "percent_statements_covered_display": "100", "num_branches": 0, "num_partial_branches": 0, "covered_branches": 0, "missing_branches": 0, "percent_branches_covered": 100.0, "percent_branches_covered_display": "100"}, "missing_lines": [], "excluded_lines": [], "executed_branches": [], "missing_branches": []}}, "classes": {"ToolDefinition": {"executed_lines": [206], "summary": {"covered_lines": 1, "num_statements": 1, "percent_covered": 100.0, "percent_covered_display": "100", "missing_lines": 0, "excluded_lines": 0, "percent_statements_covered": 100.0, "percent_statements_covered_display": "100", "num_branches": 0, "num_partial_branches": 0, "covered_branches": 0, "missing_branches": 0, "percent_branches_covered": 100.0, "percent_branches_covered_display": "100"}, "missing_lines": [], "excluded_lines": [], "executed_branches": [], "missing_branches": []}, "ToolResult": {"executed_lines": [226], "summary": {"covered_lines": 1, "num_statements": 1, "percent_covered": 100.0, "percent_covered_display": "100", "missing_lines": 0, "excluded_lines": 0, "percent_statements_covered": 100.0, "percent_statements_covered_display": "100", "num_branches": 0, "num_partial_branches": 0, "covered_branches": 0, "missing_branches": 0, "percent_branches_covered": 100.0, "percent_branches_covered_display": "100"}, "missing_lines": [], "excluded_lines": [], "executed_branches": [], "missing_branches": []}, "PluginBase": {"executed_lines": [], "summary": {"covered_lines": 0, "num_statements": 4, "percent_covered": 0.0, "percent_covered_display": "0", "missing_lines": 4, "excluded_lines": 0, "percent_statements_covered": 0.0, "percent_statements_covered_display": "0", "num_branches": 0, "num_partial_branches": 0, "covered_branches": 0, "missing_branches": 0, "percent_branches_covered": 100.0, "percent_branches_covered_display": "100"}, "missing_lines": [263, 269, 278, 291], "excluded_lines": [], "executed_branches": [], "missing_branches": []}, "": {"executed_lines": [1, 185, 187, 188, 189, 192, 193, 194, 196, 197, 198, 200, 213, 214, 215, 217, 218, 220, 232, 233, 259, 260, 261, 265, 266, 267, 271, 272, 280, 281], "summary": {"covered_lines": 26, "num_statements": 26, "percent_covered": 100.0, "percent_covered_display": "100", "missing_lines": 0, "excluded_lines": 0, "percent_statements_covered": 100.0, "percent_statements_covered_display": "100", "num_branches": 0, "num_partial_branches": 0, "covered_branches": 0, "missing_branches": 0, "percent_branches_covered": 100.0, "percent_branches_covered_display": "100"}, "missing_lines": [], "excluded_lines": [], "executed_branches": [], "missing_branches": []}}}, "src/plugins/bugtracker.py": {"executed_lines": [1, 7, 9, 10, 11, 12, 13, 14, 15, 17, 24, 30, 31, 34, 40, 41, 42, 44, 45, 47, 50, 56, 59, 62, 63, 64, 66, 69, 70, 73, 74, 82, 83, 84, 86, 87, 89, 91, 93, 94, 96, 99, 100, 101, 107, 108, 109, 111, 116, 122, 123, 128, 129, 136, 137, 138, 140, 141, 142, 143, 144, 145, 146, 147, 148, 150, 152, 164, 165, 167, 185, 186, 192, 198, 199, 201, 203, 204, 205, 207, 208, 210, 212, 213, 227, 228, 229, 230, 232, 234, 235, 236, 238, 244, 245, 263, 265, 274, 275, 276, 278, 279, 281, 283, 289, 290, 313, 315, 331, 332, 333, 335, 336, 337, 339, 340, 341, 343, 344, 345, 347, 350, 351, 353, 355, 357, 370, 371, 379, 380, 382, 384, 385, 387, 389, 395, 601, 611, 612, 614, 615, 617, 618, 620, 621, 623, 624, 626, 627, 629, 630, 632, 637, 646, 649, 650, 653, 654, 659, 668, 669, 670, 678, 681, 682, 683, 684, 687, 689, 694, 703, 705, 706, 707, 709, 710, 717, 718, 719, 721, 730, 731, 734, 735, 736, 742, 743, 744, 746, 749, 750, 762, 763, 765, 770, 780, 781, 782, 788, 789, 790, 792, 795, 796, 798, 799, 804, 809, 821, 824, 825, 826, 832, 833, 836, 839, 840, 841, 842, 848, 851, 852, 853, 854, 855, 858, 859, 860, 861, 862, 865, 866, 867, 868, 869, 870, 871, 874, 875, 877, 878, 879, 880, 881, 884, 885, 890, 893, 894, 896, 901, 911, 912, 913, 919, 925, 926, 929, 930, 932, 934, 944, 945, 948, 951, 956, 959, 960, 965, 974, 977, 979, 981, 982, 985, 986, 989, 994, 997, 998, 999, 1000, 1002], "summary": {"covered_lines": 277, "num_statements": 281, "percent_covered": 96.18528610354224, "percent_covered_display": "96", "missing_lines": 4, "excluded_lines": 0, "percent_statements_covered": 98.57651245551601, "percent_statements_covered_display": "99", "num_branches": 86, "num_partial_branches": 10, "covered_branches": 76, "missing_branches": 10, "percent_branches_covered": 88.37209302325581, "percent_branches_covered_display": "88"}, "missing_lines": [660, 834, 946, 983], "excluded_lines": [], "executed_branches": [[41, 42], [41, 44], [62, 63], [62, 66], [69, 70], [203, 204], [203, 208], [234, -232], [234, 235], [278, 279], [278, 281], [335, 336], [335, 339], [339, 340], [339, 343], [350, 351], [350, 353], [611, 612], [611, 614], [614, 615], [614, 617], [617, 618], [617, 620], [620, 621], [620, 623], [623, 624], [623, 626], [626, 627], [626, 629], [629, 630], [629, 632], [653, 654], [653, 659], [659, 668], [669, 670], [669, 678], [709, 710], [709, 717], [735, 736], [735, 742], [743, 744], [743, 746], [781, 782], [781, 788], [789, 790], [789, 792], [798, 799], [798, 804], [825, 826], [825, 832], [833, 836], [840, 841], [840, 848], [851, 852], [851, 858], [853, 854], [858, 859], [858, 865], [860, 861], [865, 866], [865, 874], [869, 870], [874, 875], [874, 884], [879, 880], [912, 913], [912, 919], [925, 926], [925, 929], [929, 930], [945, 948], [979, 981], [979, 1002], [982, 985], [997, 979], [997, 998]], "missing_branches": [[69, 73], [659, 660], [833, 834], [853, 858], [860, 865], [869, 871], [879, 881], [929, 932], [945, 946], [982, 983]], "functions": {"get_project_index_path": {"executed_lines": [30, 31], "summary": {"covered_lines": 2, "num_statements": 2, "percent_covered": 100.0, "percent_covered_display": "100", "missing_lines": 0, "excluded_lines": 0, "percent_statements_covered": 100.0, "percent_statements_covered_display": "100", "num_branches": 0, "num_partial_branches": 0, "covered_branches": 0, "missing_branches": 0, "percent_branches_covered": 100.0, "percent_branches_covered_display": "100"}, "missing_lines": [], "excluded_lines": [], "executed_branches": [], "missing_branches": []}, "get_indexed_projects": {"executed_lines": [40, 41, 42, 44, 45, 47], "summary": {"covered_lines": 6, "num_statements": 6, "percent_covered": 100.0, "percent_covered_display": "100", "missing_lines": 0, "excluded_lines": 0, "percent_statements_covered": 100.0, "percent_statements_covered_display": "100", "num_branches": 2, "num_partial_branches": 0, "covered_branches": 2, "missing_branches": 0, "percent_branches_covered": 100.0, "percent_branches_covered_display": "100"}, "missing_lines": [], "excluded_lines": [], "executed_branches": [[41, 42], [41, 44]], "missing_branches": []}, "_register_project_in_index": {"executed_lines": [56, 59, 62, 63, 64, 66, 69, 70, 73, 74], "summary": {"covered_lines": 10, "num_statements": 10, "percent_covered": 92.85714285714286, "percent_covered_display": "93", "missing_lines": 0, "excluded_lines": 0, "percent_statements_covered": 100.0, "percent_statements_covered_display": "100", "num_branches": 4, "num_partial_branches": 1, "covered_branches": 3, "missing_branches": 1, "percent_branches_covered": 75.0, "percent_branches_covered_display": "75"}, "missing_lines": [], "excluded_lines": [], "executed_branches": [[62, 63], [62, 66], [69, 70]], "missing_branches": [[69, 73]]}, "RelatedBug.to_dict": {"executed_lines": [91], "summary": {"covered_lines": 1, "num_statements": 1, "percent_covered": 100.0, "percent_covered_display": "100", "missing_lines": 0, "excluded_lines": 0, "percent_statements_covered": 100.0, "percent_statements_covered_display": "100", "num_branches": 0, "num_partial_branches": 0, "covered_branches": 0, "missing_branches": 0, "percent_branches_covered": 100.0, "percent_branches_covered_display": "100"}, "missing_lines": [], "excluded_lines": [], "executed_branches": [], "missing_branches": []}, "RelatedBug.from_dict": {"executed_lines": [96], "summary": {"covered_lines": 1, "num_statements": 1, "percent_covered": 100.0, "percent_covered_display": "100", "missing_lines": 0, "excluded_lines": 0, "percent_statements_covered": 100.0, "percent_statements_covered_display": "100", "num_branches": 0, "num_partial_branches": 0, "covered_branches": 0, "missing_branches": 0, "percent_branches_covered": 100.0, "percent_branches_covered_display": "100"}, "missing_lines": [], "excluded_lines": [], "executed_branches": [], "missing_branches": []}, "HistoryEntry.to_dict": {"executed_lines": [116], "summary": {"covered_lines": 1, "num_statements": 1, "percent_covered": 100.0, "percent_covered_display": "100", "missing_lines": 0, "excluded_lines": 0, "percent_statements_covered": 100.0, "percent_statements_covered_display": "100", "num_branches": 0, "num_partial_branches": 0, "covered_branches": 0, "missing_branches": 0, "percent_branches_covered": 100.0, "percent_branches_covered_display": "100"}, "missing_lines": [], "excluded_lines": [], "executed_branches": [], "missing_branches": []}, "HistoryEntry.from_dict": {"executed_lines": [128, 129], "summary": {"covered_lines": 2, "num_statements": 2, "percent_covered": 100.0, "percent_covered_display": "100", "missing_lines": 0, "excluded_lines": 0, "percent_statements_covered": 100.0, "percent_statements_covered_display": "100", "num_branches": 0, "num_partial_branches": 0, "covered_branches": 0, "missing_branches": 0, "percent_branches_covered": 100.0, "percent_branches_covered_display": "100"}, "missing_lines": [], "excluded_lines": [], "executed_branches": [], "missing_branches": []}, "Bug.to_dict": {"executed_lines": [152], "summary": {"covered_lines": 1, "num_statements": 1, "percent_covered": 100.0, "percent_covered_display": "100", "missing_lines": 0, "excluded_lines": 0, "percent_statements_covered": 100.0, "percent_statements_covered_display": "100", "num_branches": 0, "num_partial_branches": 0, "covered_branches": 0, "missing_branches": 0, "percent_branches_covered": 100.0, "percent_branches_covered_display": "100"}, "missing_lines": [], "excluded_lines": [], "executed_branches": [], "missing_branches": []}, "Bug.from_dict": {"executed_lines": [167], "summary": {"covered_lines": 1, "num_statements": 1, "percent_covered": 100.0, "percent_covered_display": "100", "missing_lines": 0, "excluded_lines": 0, "percent_statements_covered": 100.0, "percent_statements_covered_display": "100", "num_branches": 0, "num_partial_branches": 0, "covered_branches": 0, "missing_branches": 0, "percent_branches_covered": 100.0, "percent_branches_covered_display": "100"}, "missing_lines": [], "excluded_lines": [], "executed_branches": [], "missing_branches": []}, "BugStore.__init__": {"executed_lines": [198, 199], "summary": {"covered_lines": 2, "num_statements": 2, "percent_covered": 100.0, "percent_covered_display": "100", "missing_lines": 0, "excluded_lines": 0, "percent_statements_covered": 100.0, "percent_statements_covered_display": "100", "num_branches": 0, "num_partial_branches": 0, "covered_branches": 0, "missing_branches": 0, "percent_branches_covered": 100.0, "percent_branches_covered_display": "100"}, "missing_lines": [], "excluded_lines": [], "executed_branches": [], "missing_branches": []}, "BugStore._get_connection": {"executed_lines": [203, 204, 205, 207, 208], "summary": {"covered_lines": 5, "num_statements": 5, "percent_covered": 100.0, "percent_covered_display": "100", "missing_lines": 0, "excluded_lines": 0, "percent_statements_covered": 100.0, "percent_statements_covered_display": "100", "num_branches": 2, "num_partial_branches": 0, "covered_branches": 2, "missing_branches": 0, "percent_branches_covered": 100.0, "percent_branches_covered_display": "100"}, "missing_lines": [], "excluded_lines": [], "executed_branches": [[203, 204], [203, 208]], "missing_branches": []}, "BugStore.initialize": {"executed_lines": [212, 213, 227, 228, 229, 230], "summary": {"covered_lines": 6, "num_statements": 6, "percent_covered": 100.0, "percent_covered_display": "100", "missing_lines": 0, "excluded_lines": 0, "percent_statements_covered": 100.0, "percent_statements_covered_display": "100", "num_branches": 0, "num_partial_branches": 0, "covered_branches": 0, "missing_branches": 0, "percent_branches_covered": 100.0, "percent_branches_covered_display": "100"}, "missing_lines": [], "excluded_lines": [], "executed_branches": [], "missing_branches": []}, "BugStore.close": {"executed_lines": [234, 235, 236], "summary": {"covered_lines": 3, "num_statements": 3, "percent_covered": 100.0, "percent_covered_display": "100", "missing_lines": 0, "excluded_lines": 0, "percent_statements_covered": 100.0, "percent_statements_covered_display": "100", "num_branches": 2, "num_partial_branches": 0, "covered_branches": 2, "missing_branches": 0, "percent_branches_covered": 100.0, "percent_branches_covered_display": "100"}, "missing_lines": [], "excluded_lines": [], "executed_branches": [[234, -232], [234, 235]], "missing_branches": []}, "BugStore.add_bug": {"executed_lines": [244, 245, 263], "summary": {"covered_lines": 3, "num_statements": 3, "percent_covered": 100.0, "percent_covered_display": "100", "missing_lines": 0, "excluded_lines": 0, "percent_statements_covered": 100.0, "percent_statements_covered_display": "100", "num_branches": 0, "num_partial_branches": 0, "covered_branches": 0, "missing_branches": 0, "percent_branches_covered": 100.0, "percent_branches_covered_display": "100"}, "missing_lines": [], "excluded_lines": [], "executed_branches": [], "missing_branches": []}, "BugStore.get_bug": {"executed_lines": [274, 275, 276, 278, 279, 281], "summary": {"covered_lines": 6, "num_statements": 6, "percent_covered": 100.0, "percent_covered_display": "100", "missing_lines": 0, "excluded_lines": 0, "percent_statements_covered": 100.0, "percent_statements_covered_display": "100", "num_branches": 2, "num_partial_branches": 0, "covered_branches": 2, "missing_branches": 0, "percent_branches_covered": 100.0, "percent_branches_covered_display": "100"}, "missing_lines": [], "excluded_lines": [], "executed_branches": [[278, 279], [278, 281]], "missing_branches": []}, "BugStore.update_bug": {"executed_lines": [289, 290, 313], "summary": {"covered_lines": 3, "num_statements": 3, "percent_covered": 100.0, "percent_covered_display": "100", "missing_lines": 0, "excluded_lines": 0, "percent_statements_covered": 100.0, "percent_statements_covered_display": "100", "num_branches": 0, "num_partial_branches": 0, "covered_branches": 0, "missing_branches": 0, "percent_branches_covered": 100.0, "percent_branches_covered_display": "100"}, "missing_lines": [], "excluded_lines": [], "executed_branches": [], "missing_branches": []}, "BugStore.list_bugs": {"executed_lines": [331, 332, 333, 335, 336, 337, 339, 340, 341, 343, 344, 345, 347, 350, 351, 353], "summary": {"covered_lines": 16, "num_statements": 16, "percent_covered": 100.0, "percent_covered_display": "100", "missing_lines": 0, "excluded_lines": 0, "percent_statements_covered": 100.0, "percent_statements_covered_display": "100", "num_branches": 6, "num_partial_branches": 0, "covered_branches": 6, "missing_branches": 0, "percent_branches_covered": 100.0, "percent_branches_covered_display": "100"}, "missing_lines": [], "excluded_lines": [], "executed_branches": [[335, 336], [335, 339], [339, 340], [339, 343], [350, 351], [350, 353]], "missing_branches": []}, "BugStore._row_to_bug": {"executed_lines": [357], "summary": {"covered_lines": 1, "num_statements": 1, "percent_covered": 100.0, "percent_covered_display": "100", "missing_lines": 0, "excluded_lines": 0, "percent_statements_covered": 100.0, "percent_statements_covered_display": "100", "num_branches": 0, "num_partial_branches": 0, "covered_branches": 0, "missing_branches": 0, "percent_branches_covered": 100.0, "percent_branches_covered_display": "100"}, "missing_lines": [], "excluded_lines": [], "executed_branches": [], "missing_branches": []}, "BugTrackerPlugin.name": {"executed_lines": [382], "summary": {"covered_lines": 1, "num_statements": 1, "percent_covered": 100.0, "percent_covered_display": "100", "missing_lines": 0, "excluded_lines": 0, "percent_statements_covered": 100.0, "percent_statements_covered_display": "100", "num_branches": 0, "num_partial_branches": 0, "covered_branches": 0, "missing_branches": 0, "percent_branches_covered": 100.0, "percent_branches_covered_display": "100"}, "missing_lines": [], "excluded_lines": [], "executed_branches": [], "missing_branches": []}, "BugTrackerPlugin.version": {"executed_lines": [387], "summary": {"covered_lines": 1, "num_statements": 1, "percent_covered": 100.0, "percent_covered_display": "100", "missing_lines": 0, "excluded_lines": 0, "percent_statements_covered": 100.0, "percent_statements_covered_display": "100", "num_branches": 0, "num_partial_branches": 0, "covered_branches": 0, "missing_branches": 0, "percent_branches_covered": 100.0, "percent_branches_covered_display": "100"}, "missing_lines": [], "excluded_lines": [], "executed_branches": [], "missing_branches": []}, "BugTrackerPlugin.get_tools": {"executed_lines": [395], "summary": {"covered_lines": 1, "num_statements": 1, "percent_covered": 100.0, "percent_covered_display": "100", "missing_lines": 0, "excluded_lines": 0, "percent_statements_covered": 100.0, "percent_statements_covered_display": "100", "num_branches": 0, "num_partial_branches": 0, "covered_branches": 0, "missing_branches": 0, "percent_branches_covered": 100.0, "percent_branches_covered_display": "100"}, "missing_lines": [], "excluded_lines": [], "executed_branches": [], "missing_branches": []}, "BugTrackerPlugin.execute": {"executed_lines": [611, 612, 614, 615, 617, 618, 620, 621, 623, 624, 626, 627, 629, 630, 632], "summary": {"covered_lines": 15, "num_statements": 15, "percent_covered": 100.0, "percent_covered_display": "100", "missing_lines": 0, "excluded_lines": 0, "percent_statements_covered": 100.0, "percent_statements_covered_display": "100", "num_branches": 14, "num_partial_branches": 0, "covered_branches": 14, "missing_branches": 0, "percent_branches_covered": 100.0, "percent_branches_covered_display": "100"}, "missing_lines": [], "excluded_lines": [], "executed_branches": [[611, 612], [611, 614], [614, 615], [614, 617], [617, 618], [617, 620], [620, 621], [620, 623], [623, 624], [623, 626], [626, 627], [626, 629], [629, 630], [629, 632]], "missing_branches": []}, "BugTrackerPlugin._init_bugtracker": {"executed_lines": [646, 649, 650, 653, 654, 659, 668, 669, 670, 678, 681, 682, 683, 684, 687, 689], "summary": {"covered_lines": 16, "num_statements": 17, "percent_covered": 91.30434782608695, "percent_covered_display": "91", "missing_lines": 1, "excluded_lines": 0, "percent_statements_covered": 94.11764705882354, "percent_statements_covered_display": "94", "num_branches": 6, "num_partial_branches": 1, "covered_branches": 5, "missing_branches": 1, "percent_branches_covered": 83.33333333333333, "percent_branches_covered_display": "83"}, "missing_lines": [660], "excluded_lines": [], "executed_branches": [[653, 654], [653, 659], [659, 668], [669, 670], [669, 678]], "missing_branches": [[659, 660]]}, "BugTrackerPlugin._get_store": {"executed_lines": [703, 705, 706, 707, 709, 710, 717, 718, 719], "summary": {"covered_lines": 9, "num_statements": 9, "percent_covered": 100.0, "percent_covered_display": "100", "missing_lines": 0, "excluded_lines": 0, "percent_statements_covered": 100.0, "percent_statements_covered_display": "100", "num_branches": 2, "num_partial_branches": 0, "covered_branches": 2, "missing_branches": 0, "percent_branches_covered": 100.0, "percent_branches_covered_display": "100"}, "missing_lines": [], "excluded_lines": [], "executed_branches": [[709, 710], [709, 717]], "missing_branches": []}, "BugTrackerPlugin._add_bug": {"executed_lines": [730, 731, 734, 735, 736, 742, 743, 744, 746, 749, 750, 762, 763, 765], "summary": {"covered_lines": 14, "num_statements": 14, "percent_covered": 100.0, "percent_covered_display": "100", "missing_lines": 0, "excluded_lines": 0, "percent_statements_covered": 100.0, "percent_statements_covered_display": "100", "num_branches": 4, "num_partial_branches": 0, "covered_branches": 4, "missing_branches": 0, "percent_branches_covered": 100.0, "percent_branches_covered_display": "100"}, "missing_lines": [], "excluded_lines": [], "executed_branches": [[735, 736], [735, 742], [743, 744], [743, 746]], "missing_branches": []}, "BugTrackerPlugin._get_bug": {"executed_lines": [780, 781, 782, 788, 789, 790, 792, 795, 796, 798, 799, 804], "summary": {"covered_lines": 12, "num_statements": 12, "percent_covered": 100.0, "percent_covered_display": "100", "missing_lines": 0, "excluded_lines": 0, "percent_statements_covered": 100.0, "percent_statements_covered_display": "100", "num_branches": 6, "num_partial_branches": 0, "covered_branches": 6, "missing_branches": 0, "percent_branches_covered": 100.0, "percent_branches_covered_display": "100"}, "missing_lines": [], "excluded_lines": [], "executed_branches": [[781, 782], [781, 788], [789, 790], [789, 792], [798, 799], [798, 804]], "missing_branches": []}, "BugTrackerPlugin._update_bug": {"executed_lines": [821, 824, 825, 826, 832, 833, 836, 839, 840, 841, 842, 848, 851, 852, 853, 854, 855, 858, 859, 860, 861, 862, 865, 866, 867, 868, 869, 870, 871, 874, 875, 877, 878, 879, 880, 881, 884, 885, 890, 893, 894, 896], "summary": {"covered_lines": 42, "num_statements": 43, "percent_covered": 90.76923076923077, "percent_covered_display": "91", "missing_lines": 1, "excluded_lines": 0, "percent_statements_covered": 97.67441860465117, "percent_statements_covered_display": "98", "num_branches": 22, "num_partial_branches": 5, "covered_branches": 17, "missing_branches": 5, "percent_branches_covered": 77.27272727272727, "percent_branches_covered_display": "77"}, "missing_lines": [834], "excluded_lines": [], "executed_branches": [[825, 826], [825, 832], [833, 836], [840, 841], [840, 848], [851, 852], [851, 858], [853, 854], [858, 859], [858, 865], [860, 861], [865, 866], [865, 874], [869, 870], [874, 875], [874, 884], [879, 880]], "missing_branches": [[833, 834], [853, 858], [860, 865], [869, 871], [879, 881]]}, "BugTrackerPlugin._close_bug": {"executed_lines": [911, 912, 913, 919, 925, 926, 929, 930, 932], "summary": {"covered_lines": 9, "num_statements": 9, "percent_covered": 93.33333333333333, "percent_covered_display": "93", "missing_lines": 0, "excluded_lines": 0, "percent_statements_covered": 100.0, "percent_statements_covered_display": "100", "num_branches": 6, "num_partial_branches": 1, "covered_branches": 5, "missing_branches": 1, "percent_branches_covered": 83.33333333333333, "percent_branches_covered_display": "83"}, "missing_lines": [], "excluded_lines": [], "executed_branches": [[912, 913], [912, 919], [925, 926], [925, 929], [929, 930]], "missing_branches": [[929, 932]]}, "BugTrackerPlugin._list_bugs": {"executed_lines": [944, 945, 948, 951, 956, 959, 960], "summary": {"covered_lines": 7, "num_statements": 8, "percent_covered": 80.0, "percent_covered_display": "80", "missing_lines": 1, "excluded_lines": 0, "percent_statements_covered": 87.5, "percent_statements_covered_display": "88", "num_branches": 2, "num_partial_branches": 1, "covered_branches": 1, "missing_branches": 1, "percent_branches_covered": 50.0, "percent_branches_covered_display": "50"}, "missing_lines": [946], "excluded_lines": [], "executed_branches": [[945, 948]], "missing_branches": [[945, 946]]}, "BugTrackerPlugin._search_bugs_global": {"executed_lines": [974, 977, 979, 981, 982, 985, 986, 989, 994, 997, 998, 999, 1000, 1002], "summary": {"covered_lines": 14, "num_statements": 15, "percent_covered": 90.47619047619048, "percent_covered_display": "90", "missing_lines": 1, "excluded_lines": 0, "percent_statements_covered": 93.33333333333333, "percent_statements_covered_display": "93", "num_branches": 6, "num_partial_branches": 1, "covered_branches": 5, "missing_branches": 1, "percent_branches_covered": 83.33333333333333, "percent_branches_covered_display": "83"}, "missing_lines": [983], "excluded_lines": [], "executed_branches": [[979, 981], [979, 1002], [982, 985], [997, 979], [997, 998]], "missing_branches": [[982, 983]]}, "": {"executed_lines": [1, 7, 9, 10, 11, 12, 13, 14, 15, 17, 24, 34, 50, 82, 83, 84, 86, 87, 89, 93, 94, 99, 100, 101, 107, 108, 109, 111, 122, 123, 136, 137, 138, 140, 141, 142, 143, 144, 145, 146, 147, 148, 150, 164, 165, 185, 186, 192, 201, 210, 232, 238, 265, 283, 315, 355, 370, 371, 379, 380, 384, 385, 389, 601, 637, 694, 721, 770, 809, 901, 934, 965], "summary": {"covered_lines": 66, "num_statements": 66, "percent_covered": 100.0, "percent_covered_display": "100", "missing_lines": 0, "excluded_lines": 0, "percent_statements_covered": 100.0, "percent_statements_covered_display": "100", "num_branches": 0, "num_partial_branches": 0, "covered_branches": 0, "missing_branches": 0, "percent_branches_covered": 100.0, "percent_branches_covered_display": "100"}, "missing_lines": [], "excluded_lines": [], "executed_branches": [], "missing_branches": []}}, "classes": {"RelatedBug": {"executed_lines": [91, 96], "summary": {"covered_lines": 2, "num_statements": 2, "percent_covered": 100.0, "percent_covered_display": "100", "missing_lines": 0, "excluded_lines": 0, "percent_statements_covered": 100.0, "percent_statements_covered_display": "100", "num_branches": 0, "num_partial_branches": 0, "covered_branches": 0, "missing_branches": 0, "percent_branches_covered": 100.0, "percent_branches_covered_display": "100"}, "missing_lines": [], "excluded_lines": [], "executed_branches": [], "missing_branches": []}, "HistoryEntry": {"executed_lines": [116, 128, 129], "summary": {"covered_lines": 3, "num_statements": 3, "percent_covered": 100.0, "percent_covered_display": "100", "missing_lines": 0, "excluded_lines": 0, "percent_statements_covered": 100.0, "percent_statements_covered_display": "100", "num_branches": 0, "num_partial_branches": 0, "covered_branches": 0, "missing_branches": 0, "percent_branches_covered": 100.0, "percent_branches_covered_display": "100"}, "missing_lines": [], "excluded_lines": [], "executed_branches": [], "missing_branches": []}, "Bug": {"executed_lines": [152, 167], "summary": {"covered_lines": 2, "num_statements": 2, "percent_covered": 100.0, "percent_covered_display": "100", "missing_lines": 0, "excluded_lines": 0, "percent_statements_covered": 100.0, "percent_statements_covered_display": "100", "num_branches": 0, "num_partial_branches": 0, "covered_branches": 0, "missing_branches": 0, "percent_branches_covered": 100.0, "percent_branches_covered_display": "100"}, "missing_lines": [], "excluded_lines": [], "executed_branches": [], "missing_branches": []}, "BugStore": {"executed_lines": [198, 199, 203, 204, 205, 207, 208, 212, 213, 227, 228, 229, 230, 234, 235, 236, 244, 245, 263, 274, 275, 276, 278, 279, 281, 289, 290, 313, 331, 332, 333, 335, 336, 337, 339, 340, 341, 343, 344, 345, 347, 350, 351, 353, 357], "summary": {"covered_lines": 45, "num_statements": 45, "percent_covered": 100.0, "percent_covered_display": "100", "missing_lines": 0, "excluded_lines": 0, "percent_statements_covered": 100.0, "percent_statements_covered_display": "100", "num_branches": 12, "num_partial_branches": 0, "covered_branches": 12, "missing_branches": 0, "percent_branches_covered": 100.0, "percent_branches_covered_display": "100"}, "missing_lines": [], "excluded_lines": [], "executed_branches": [[203, 204], [203, 208], [234, -232], [234, 235], [278, 279], [278, 281], [335, 336], [335, 339], [339, 340], [339, 343], [350, 351], [350, 353]], "missing_branches": []}, "BugTrackerPlugin": {"executed_lines": [382, 387, 395, 611, 612, 614, 615, 617, 618, 620, 621, 623, 624, 626, 627, 629, 630, 632, 646, 649, 650, 653, 654, 659, 668, 669, 670, 678, 681, 682, 683, 684, 687, 689, 703, 705, 706, 707, 709, 710, 717, 718, 719, 730, 731, 734, 735, 736, 742, 743, 744, 746, 749, 750, 762, 763, 765, 780, 781, 782, 788, 789, 790, 792, 795, 796, 798, 799, 804, 821, 824, 825, 826, 832, 833, 836, 839, 840, 841, 842, 848, 851, 852, 853, 854, 855, 858, 859, 860, 861, 862, 865, 866, 867, 868, 869, 870, 871, 874, 875, 877, 878, 879, 880, 881, 884, 885, 890, 893, 894, 896, 911, 912, 913, 919, 925, 926, 929, 930, 932, 944, 945, 948, 951, 956, 959, 960, 974, 977, 979, 981, 982, 985, 986, 989, 994, 997, 998, 999, 1000, 1002], "summary": {"covered_lines": 141, "num_statements": 145, "percent_covered": 93.89671361502347, "percent_covered_display": "94", "missing_lines": 4, "excluded_lines": 0, "percent_statements_covered": 97.24137931034483, "percent_statements_covered_display": "97", "num_branches": 68, "num_partial_branches": 9, "covered_branches": 59, "missing_branches": 9, "percent_branches_covered": 86.76470588235294, "percent_branches_covered_display": "87"}, "missing_lines": [660, 834, 946, 983], "excluded_lines": [], "executed_branches": [[611, 612], [611, 614], [614, 615], [614, 617], [617, 618], [617, 620], [620, 621], [620, 623], [623, 624], [623, 626], [626, 627], [626, 629], [629, 630], [629, 632], [653, 654], [653, 659], [659, 668], [669, 670], [669, 678], [709, 710], [709, 717], [735, 736], [735, 742], [743, 744], [743, 746], [781, 782], [781, 788], [789, 790], [789, 792], [798, 799], [798, 804], [825, 826], [825, 832], [833, 836], [840, 841], [840, 848], [851, 852], [851, 858], [853, 854], [858, 859], [858, 865], [860, 861], [865, 866], [865, 874], [869, 870], [874, 875], [874, 884], [879, 880], [912, 913], [912, 919], [925, 926], [925, 929], [929, 930], [945, 948], [979, 981], [979, 1002], [982, 985], [997, 979], [997, 998]], "missing_branches": [[659, 660], [833, 834], [853, 858], [860, 865], [869, 871], [879, 881], [929, 932], [945, 946], [982, 983]]}, "": {"executed_lines": [1, 7, 9, 10, 11, 12, 13, 14, 15, 17, 24, 30, 31, 34, 40, 41, 42, 44, 45, 47, 50, 56, 59, 62, 63, 64, 66, 69, 70, 73, 74, 82, 83, 84, 86, 87, 89, 93, 94, 99, 100, 101, 107, 108, 109, 111, 122, 123, 136, 137, 138, 140, 141, 142, 143, 144, 145, 146, 147, 148, 150, 164, 165, 185, 186, 192, 201, 210, 232, 238, 265, 283, 315, 355, 370, 371, 379, 380, 384, 385, 389, 601, 637, 694, 721, 770, 809, 901, 934, 965], "summary": {"covered_lines": 84, "num_statements": 84, "percent_covered": 98.88888888888889, "percent_covered_display": "99", "missing_lines": 0, "excluded_lines": 0, "percent_statements_covered": 100.0, "percent_statements_covered_display": "100", "num_branches": 6, "num_partial_branches": 1, "covered_branches": 5, "missing_branches": 1, "percent_branches_covered": 83.33333333333333, "percent_branches_covered_display": "83"}, "missing_lines": [], "excluded_lines": [], "executed_branches": [[41, 42], [41, 44], [62, 63], [62, 66], [69, 70]], "missing_branches": [[69, 73]]}}}, "src/plugins/dispatcher.py": {"executed_lines": [1, 3, 5, 7, 10, 11, 13, 16, 17, 19, 22, 23, 29, 31, 32, 34, 40, 43, 44, 46, 52, 53, 54, 55, 56, 58, 72, 73, 74, 76, 77, 78, 79, 81, 90, 91, 92, 94, 95, 96], "summary": {"covered_lines": 36, "num_statements": 37, "percent_covered": 94.11764705882354, "percent_covered_display": "94", "missing_lines": 1, "excluded_lines": 0, "percent_statements_covered": 97.29729729729729, "percent_statements_covered_display": "97", "num_branches": 14, "num_partial_branches": 2, "covered_branches": 12, "missing_branches": 2, "percent_branches_covered": 85.71428571428571, "percent_branches_covered_display": "86"}, "missing_lines": [98], "excluded_lines": [], "executed_branches": [[43, -34], [43, 44], [53, 54], [53, 56], [54, 53], [54, 55], [73, 74], [73, 76], [91, 92], [91, 94], [94, 95], [95, 96]], "missing_branches": [[94, 98], [95, 94]], "functions": {"ToolDispatcher.__init__": {"executed_lines": [31, 32], "summary": {"covered_lines": 2, "num_statements": 2, "percent_covered": 100.0, "percent_covered_display": "100", "missing_lines": 0, "excluded_lines": 0, "percent_statements_covered": 100.0, "percent_statements_covered_display": "100", "num_branches": 0, "num_partial_branches": 0, "covered_branches": 0, "missing_branches": 0, "percent_branches_covered": 100.0, "percent_branches_covered_display": "100"}, "missing_lines": [], "excluded_lines": [], "executed_branches": [], "missing_branches": []}, "ToolDispatcher.register_plugin": {"executed_lines": [40, 43, 44], "summary": {"covered_lines": 3, "num_statements": 3, "percent_covered": 100.0, "percent_covered_display": "100", "missing_lines": 0, "excluded_lines": 0, "percent_statements_covered": 100.0, "percent_statements_covered_display": "100", "num_branches": 2, "num_partial_branches": 0, "covered_branches": 2, "missing_branches": 0, "percent_branches_covered": 100.0, "percent_branches_covered_display": "100"}, "missing_lines": [], "excluded_lines": [], "executed_branches": [[43, -34], [43, 44]], "missing_branches": []}, "ToolDispatcher.list_tools": {"executed_lines": [52, 53, 54, 55, 56], "summary": {"covered_lines": 5, "num_statements": 5, "percent_covered": 100.0, "percent_covered_display": "100", "missing_lines": 0, "excluded_lines": 0, "percent_statements_covered": 100.0, "percent_statements_covered_display": "100", "num_branches": 4, "num_partial_branches": 0, "covered_branches": 4, "missing_branches": 0, "percent_branches_covered": 100.0, "percent_branches_covered_display": "100"}, "missing_lines": [], "excluded_lines": [], "executed_branches": [[53, 54], [53, 56], [54, 53], [54, 55]], "missing_branches": []}, "ToolDispatcher.call_tool": {"executed_lines": [72, 73, 74, 76, 77, 78, 79], "summary": {"covered_lines": 7, "num_statements": 7, "percent_covered": 100.0, "percent_covered_display": "100", "missing_lines": 0, "excluded_lines": 0, "percent_statements_covered": 100.0, "percent_statements_covered_display": "100", "num_branches": 2, "num_partial_branches": 0, "covered_branches": 2, "missing_branches": 0, "percent_branches_covered": 100.0, "percent_branches_covered_display": "100"}, "missing_lines": [], "excluded_lines": [], "executed_branches": [[73, 74], [73, 76]], "missing_branches": []}, "ToolDispatcher.get_tool_schema": {"executed_lines": [90, 91, 92, 94, 95, 96], "summary": {"covered_lines": 6, "num_statements": 7, "percent_covered": 76.92307692307692, "percent_covered_display": "77", "missing_lines": 1, "excluded_lines": 0, "percent_statements_covered": 85.71428571428571, "percent_statements_covered_display": "86", "num_branches": 6, "num_partial_branches": 2, "covered_branches": 4, "missing_branches": 2, "percent_branches_covered": 66.66666666666667, "percent_branches_covered_display": "67"}, "missing_lines": [98], "excluded_lines": [], "executed_branches": [[91, 92], [91, 94], [94, 95], [95, 96]], "missing_branches": [[94, 98], [95, 94]]}, "": {"executed_lines": [1, 3, 5, 7, 10, 11, 13, 16, 17, 19, 22, 23, 29, 34, 46, 58, 81], "summary": {"covered_lines": 13, "num_statements": 13, "percent_covered": 100.0, "percent_covered_display": "100", "missing_lines": 0, "excluded_lines": 0, "percent_statements_covered": 100.0, "percent_statements_covered_display": "100", "num_branches": 0, "num_partial_branches": 0, "covered_branches": 0, "missing_branches": 0, "percent_branches_covered": 100.0, "percent_branches_covered_display": "100"}, "missing_lines": [], "excluded_lines": [], "executed_branches": [], "missing_branches": []}}, "classes": {"ToolNotFoundError": {"executed_lines": [], "summary": {"covered_lines": 0, "num_statements": 0, "percent_covered": 100.0, "percent_covered_display": "100", "missing_lines": 0, "excluded_lines": 0, "percent_statements_covered": 100.0, "percent_statements_covered_display": "100", "num_branches": 0, "num_partial_branches": 0, "covered_branches": 0, "missing_branches": 0, "percent_branches_covered": 100.0, "percent_branches_covered_display": "100"}, "missing_lines": [], "excluded_lines": [], "executed_branches": [], "missing_branches": []}, "ToolExecutionError": {"executed_lines": [], "summary": {"covered_lines": 0, "num_statements": 0, "percent_covered": 100.0, "percent_covered_display": "100", "missing_lines": 0, "excluded_lines": 0, "percent_statements_covered": 100.0, "percent_statements_covered_display": "100", "num_branches": 0, "num_partial_branches": 0, "covered_branches": 0, "missing_branches": 0, "percent_branches_covered": 100.0, "percent_branches_covered_display": "100"}, "missing_lines": [], "excluded_lines": [], "executed_branches": [], "missing_branches": []}, "ToolDispatcher": {"executed_lines": [31, 32, 40, 43, 44, 52, 53, 54, 55, 56, 72, 73, 74, 76, 77, 78, 79, 90, 91, 92, 94, 95, 96], "summary": {"covered_lines": 23, "num_statements": 24, "percent_covered": 92.10526315789474, "percent_covered_display": "92", "missing_lines": 1, "excluded_lines": 0, "percent_statements_covered": 95.83333333333333, "percent_statements_covered_display": "96", "num_branches": 14, "num_partial_branches": 2, "covered_branches": 12, "missing_branches": 2, "percent_branches_covered": 85.71428571428571, "percent_branches_covered_display": "86"}, "missing_lines": [98], "excluded_lines": [], "executed_branches": [[43, -34], [43, 44], [53, 54], [53, 56], [54, 53], [54, 55], [73, 74], [73, 76], [91, 92], [91, 94], [94, 95], [95, 96]], "missing_branches": [[94, 98], [95, 94]]}, "": {"executed_lines": [1, 3, 5, 7, 10, 11, 13, 16, 17, 19, 22, 23, 29, 34, 46, 58, 81], "summary": {"covered_lines": 13, "num_statements": 13, "percent_covered": 100.0, "percent_covered_display": "100", "missing_lines": 0, "excluded_lines": 0, "percent_statements_covered": 100.0, "percent_statements_covered_display": "100", "num_branches": 0, "num_partial_branches": 0, "covered_branches": 0, "missing_branches": 0, "percent_branches_covered": 100.0, "percent_branches_covered_display": "100"}, "missing_lines": [], "excluded_lines": [], "executed_branches": [], "missing_branches": []}}}, "src/plugins/loader.py": {"executed_lines": [1, 3, 5, 6, 7, 9, 11, 14, 15, 17, 20, 21, 28, 34, 35, 37, 43, 45, 51, 53, 59, 60, 62, 63, 64, 66, 67, 69, 70, 72, 73, 74, 75, 76, 78, 80, 86, 103, 104, 106, 107, 110, 113, 116, 117, 118, 121, 122, 124, 125, 126, 128, 130], "summary": {"covered_lines": 50, "num_statements": 53, "percent_covered": 92.95774647887323, "percent_covered_display": "93", "missing_lines": 3, "excluded_lines": 0, "percent_statements_covered": 94.33962264150944, "percent_statements_covered_display": "94", "num_branches": 18, "num_partial_branches": 2, "covered_branches": 16, "missing_branches": 2, "percent_branches_covered": 88.88888888888889, "percent_branches_covered_display": "89"}, "missing_lines": [114, 137, 138], "excluded_lines": [], "executed_branches": [[59, 60], [59, 62], [62, 63], [62, 80], [63, 64], [63, 66], [69, 70], [69, 72], [74, 75], [106, 107], [106, 110], [113, 116], [121, 122], [121, 124], [125, 126], [125, 128]], "missing_branches": [[74, 62], [113, 114]], "functions": {"PluginLoader.__init__": {"executed_lines": [34, 35], "summary": {"covered_lines": 2, "num_statements": 2, "percent_covered": 100.0, "percent_covered_display": "100", "missing_lines": 0, "excluded_lines": 0, "percent_statements_covered": 100.0, "percent_statements_covered_display": "100", "num_branches": 0, "num_partial_branches": 0, "covered_branches": 0, "missing_branches": 0, "percent_branches_covered": 100.0, "percent_branches_covered_display": "100"}, "missing_lines": [], "excluded_lines": [], "executed_branches": [], "missing_branches": []}, "PluginLoader.register_plugin": {"executed_lines": [43], "summary": {"covered_lines": 1, "num_statements": 1, "percent_covered": 100.0, "percent_covered_display": "100", "missing_lines": 0, "excluded_lines": 0, "percent_statements_covered": 100.0, "percent_statements_covered_display": "100", "num_branches": 0, "num_partial_branches": 0, "covered_branches": 0, "missing_branches": 0, "percent_branches_covered": 100.0, "percent_branches_covered_display": "100"}, "missing_lines": [], "excluded_lines": [], "executed_branches": [], "missing_branches": []}, "PluginLoader.get_all_plugins": {"executed_lines": [51], "summary": {"covered_lines": 1, "num_statements": 1, "percent_covered": 100.0, "percent_covered_display": "100", "missing_lines": 0, "excluded_lines": 0, "percent_statements_covered": 100.0, "percent_statements_covered_display": "100", "num_branches": 0, "num_partial_branches": 0, "covered_branches": 0, "missing_branches": 0, "percent_branches_covered": 100.0, "percent_branches_covered_display": "100"}, "missing_lines": [], "excluded_lines": [], "executed_branches": [], "missing_branches": []}, "PluginLoader.discover_plugins": {"executed_lines": [59, 60, 62, 63, 64, 66, 67, 69, 70, 72, 73, 74, 75, 76, 78, 80], "summary": {"covered_lines": 16, "num_statements": 16, "percent_covered": 96.15384615384616, "percent_covered_display": "96", "missing_lines": 0, "excluded_lines": 0, "percent_statements_covered": 100.0, "percent_statements_covered_display": "100", "num_branches": 10, "num_partial_branches": 1, "covered_branches": 9, "missing_branches": 1, "percent_branches_covered": 90.0, "percent_branches_covered_display": "90"}, "missing_lines": [], "excluded_lines": [], "executed_branches": [[59, 60], [59, 62], [62, 63], [62, 80], [63, 64], [63, 66], [69, 70], [69, 72], [74, 75]], "missing_branches": [[74, 62]]}, "PluginLoader._load_plugin": {"executed_lines": [103, 104, 106, 107, 110, 113, 116, 117, 118, 121, 122, 124, 125, 126, 128], "summary": {"covered_lines": 15, "num_statements": 16, "percent_covered": 91.66666666666667, "percent_covered_display": "92", "missing_lines": 1, "excluded_lines": 0, "percent_statements_covered": 93.75, "percent_statements_covered_display": "94", "num_branches": 8, "num_partial_branches": 1, "covered_branches": 7, "missing_branches": 1, "percent_branches_covered": 87.5, "percent_branches_covered_display": "88"}, "missing_lines": [114], "excluded_lines": [], "executed_branches": [[106, 107], [106, 110], [113, 116], [121, 122], [121, 124], [125, 126], [125, 128]], "missing_branches": [[113, 114]]}, "PluginLoader.reload_plugins": {"executed_lines": [], "summary": {"covered_lines": 0, "num_statements": 2, "percent_covered": 0.0, "percent_covered_display": "0", "missing_lines": 2, "excluded_lines": 0, "percent_statements_covered": 0.0, "percent_statements_covered_display": "0", "num_branches": 0, "num_partial_branches": 0, "covered_branches": 0, "missing_branches": 0, "percent_branches_covered": 100.0, "percent_branches_covered_display": "100"}, "missing_lines": [137, 138], "excluded_lines": [], "executed_branches": [], "missing_branches": []}, "": {"executed_lines": [1, 3, 5, 6, 7, 9, 11, 14, 15, 17, 20, 21, 28, 37, 45, 53, 86, 130], "summary": {"covered_lines": 15, "num_statements": 15, "percent_covered": 100.0, "percent_covered_display": "100", "missing_lines": 0, "excluded_lines": 0, "percent_statements_covered": 100.0, "percent_statements_covered_display": "100", "num_branches": 0, "num_partial_branches": 0, "covered_branches": 0, "missing_branches": 0, "percent_branches_covered": 100.0, "percent_branches_covered_display": "100"}, "missing_lines": [], "excluded_lines": [], "executed_branches": [], "missing_branches": []}}, "classes": {"PluginLoadError": {"executed_lines": [], "summary": {"covered_lines": 0, "num_statements": 0, "percent_covered": 100.0, "percent_covered_display": "100", "missing_lines": 0, "excluded_lines": 0, "percent_statements_covered": 100.0, "percent_statements_covered_display": "100", "num_branches": 0, "num_partial_branches": 0, "covered_branches": 0, "missing_branches": 0, "percent_branches_covered": 100.0, "percent_branches_covered_display": "100"}, "missing_lines": [], "excluded_lines": [], "executed_branches": [], "missing_branches": []}, "PluginLoader": {"executed_lines": [34, 35, 43, 51, 59, 60, 62, 63, 64, 66, 67, 69, 70, 72, 73, 74, 75, 76, 78, 80, 103, 104, 106, 107, 110, 113, 116, 117, 118, 121, 122, 124, 125, 126, 128], "summary": {"covered_lines": 35, "num_statements": 38, "percent_covered": 91.07142857142857, "percent_covered_display": "91", "missing_lines": 3, "excluded_lines": 0, "percent_statements_covered": 92.10526315789474, "percent_statements_covered_display": "92", "num_branches": 18, "num_partial_branches": 2, "covered_branches": 16, "missing_branches": 2, "percent_branches_covered": 88.88888888888889, "percent_branches_covered_display": "89"}, "missing_lines": [114, 137, 138], "excluded_lines": [], "executed_branches": [[59, 60], [59, 62], [62, 63], [62, 80], [63, 64], [63, 66], [69, 70], [69, 72], [74, 75], [106, 107], [106, 110], [113, 116], [121, 122], [121, 124], [125, 126], [125, 128]], "missing_branches": [[74, 62], [113, 114]]}, "": {"executed_lines": [1, 3, 5, 6, 7, 9, 11, 14, 15, 17, 20, 21, 28, 37, 45, 53, 86, 130], "summary": {"covered_lines": 15, "num_statements": 15, "percent_covered": 100.0, "percent_covered_display": "100", "missing_lines": 0, "excluded_lines": 0, "percent_statements_covered": 100.0, "percent_statements_covered_display": "100", "num_branches": 0, "num_partial_branches": 0, "covered_branches": 0, "missing_branches": 0, "percent_branches_covered": 100.0, "percent_branches_covered_display": "100"}, "missing_lines": [], "excluded_lines": [], "executed_branches": [], "missing_branches": []}}}, "src/plugins/websearch.py": {"executed_lines": [1, 7, 9, 10, 11, 13, 15, 18, 21, 24, 25, 31, 33, 39, 41, 43, 44, 46, 48, 49, 51, 53, 59, 84, 94, 95, 100, 101, 103, 104, 105, 109, 110, 114, 115, 121, 122, 127, 138, 139, 142, 143, 146, 148, 149, 152, 153, 154, 158, 160, 170, 179, 184, 190, 196, 197, 200, 201, 202, 210, 212, 221, 223, 224, 225], "summary": {"covered_lines": 63, "num_statements": 63, "percent_covered": 100.0, "percent_covered_display": "100", "missing_lines": 0, "excluded_lines": 0, "percent_statements_covered": 100.0, "percent_statements_covered_display": "100", "num_branches": 8, "num_partial_branches": 0, "covered_branches": 8, "missing_branches": 0, "percent_branches_covered": 100.0, "percent_branches_covered_display": "100"}, "missing_lines": [], "excluded_lines": [], "executed_branches": [[94, 95], [94, 100], [148, 149], [148, 152], [153, 154], [153, 158], [200, 201], [200, 210]], "missing_branches": [], "functions": {"WebSearchPlugin.__init__": {"executed_lines": [33], "summary": {"covered_lines": 1, "num_statements": 1, "percent_covered": 100.0, "percent_covered_display": "100", "missing_lines": 0, "excluded_lines": 0, "percent_statements_covered": 100.0, "percent_statements_covered_display": "100", "num_branches": 0, "num_partial_branches": 0, "covered_branches": 0, "missing_branches": 0, "percent_branches_covered": 100.0, "percent_branches_covered_display": "100"}, "missing_lines": [], "excluded_lines": [], "executed_branches": [], "missing_branches": []}, "WebSearchPlugin.close": {"executed_lines": [41], "summary": {"covered_lines": 1, "num_statements": 1, "percent_covered": 100.0, "percent_covered_display": "100", "missing_lines": 0, "excluded_lines": 0, "percent_statements_covered": 100.0, "percent_statements_covered_display": "100", "num_branches": 0, "num_partial_branches": 0, "covered_branches": 0, "missing_branches": 0, "percent_branches_covered": 100.0, "percent_branches_covered_display": "100"}, "missing_lines": [], "excluded_lines": [], "executed_branches": [], "missing_branches": []}, "WebSearchPlugin.name": {"executed_lines": [46], "summary": {"covered_lines": 1, "num_statements": 1, "percent_covered": 100.0, "percent_covered_display": "100", "missing_lines": 0, "excluded_lines": 0, "percent_statements_covered": 100.0, "percent_statements_covered_display": "100", "num_branches": 0, "num_partial_branches": 0, "covered_branches": 0, "missing_branches": 0, "percent_branches_covered": 100.0, "percent_branches_covered_display": "100"}, "missing_lines": [], "excluded_lines": [], "executed_branches": [], "missing_branches": []}, "WebSearchPlugin.version": {"executed_lines": [51], "summary": {"covered_lines": 1, "num_statements": 1, "percent_covered": 100.0, "percent_covered_display": "100", "missing_lines": 0, "excluded_lines": 0, "percent_statements_covered": 100.0, "percent_statements_covered_display": "100", "num_branches": 0, "num_partial_branches": 0, "covered_branches": 0, "missing_branches": 0, "percent_branches_covered": 100.0, "percent_branches_covered_display": "100"}, "missing_lines": [], "excluded_lines": [], "executed_branches": [], "missing_branches": []}, "WebSearchPlugin.get_tools": {"executed_lines": [59], "summary": {"covered_lines": 1, "num_statements": 1, "percent_covered": 100.0, "percent_covered_display": "100", "missing_lines": 0, "excluded_lines": 0, "percent_statements_covered": 100.0, "percent_statements_covered_display": "100", "num_branches": 0, "num_partial_branches": 0, "covered_branches": 0, "missing_branches": 0, "percent_branches_covered": 100.0, "percent_branches_covered_display": "100"}, "missing_lines": [], "excluded_lines": [], "executed_branches": [], "missing_branches": []}, "WebSearchPlugin.execute": {"executed_lines": [94, 95, 100, 101, 103, 104, 105, 109, 110, 114, 115, 121, 122], "summary": {"covered_lines": 13, "num_statements": 13, "percent_covered": 100.0, "percent_covered_display": "100", "missing_lines": 0, "excluded_lines": 0, "percent_statements_covered": 100.0, "percent_statements_covered_display": "100", "num_branches": 2, "num_partial_branches": 0, "covered_branches": 2, "missing_branches": 0, "percent_branches_covered": 100.0, "percent_branches_covered_display": "100"}, "missing_lines": [], "excluded_lines": [], "executed_branches": [[94, 95], [94, 100]], "missing_branches": []}, "WebSearchPlugin._search": {"executed_lines": [138, 139, 142, 143, 146, 148, 149, 152, 153, 154, 158], "summary": {"covered_lines": 11, "num_statements": 11, "percent_covered": 100.0, "percent_covered_display": "100", "missing_lines": 0, "excluded_lines": 0, "percent_statements_covered": 100.0, "percent_statements_covered_display": "100", "num_branches": 4, "num_partial_branches": 0, "covered_branches": 4, "missing_branches": 0, "percent_branches_covered": 100.0, "percent_branches_covered_display": "100"}, "missing_lines": [], "excluded_lines": [], "executed_branches": [[148, 149], [148, 152], [153, 154], [153, 158]], "missing_branches": []}, "WebSearchPlugin._parse_results": {"executed_lines": [170, 179, 184, 190, 196, 197, 200, 201, 202, 210], "summary": {"covered_lines": 10, "num_statements": 10, "percent_covered": 100.0, "percent_covered_display": "100", "missing_lines": 0, "excluded_lines": 0, "percent_statements_covered": 100.0, "percent_statements_covered_display": "100", "num_branches": 2, "num_partial_branches": 0, "covered_branches": 2, "missing_branches": 0, "percent_branches_covered": 100.0, "percent_branches_covered_display": "100"}, "missing_lines": [], "excluded_lines": [], "executed_branches": [[200, 201], [200, 210]], "missing_branches": []}, "WebSearchPlugin._clean_text": {"executed_lines": [221, 223, 224, 225], "summary": {"covered_lines": 4, "num_statements": 4, "percent_covered": 100.0, "percent_covered_display": "100", "missing_lines": 0, "excluded_lines": 0, "percent_statements_covered": 100.0, "percent_statements_covered_display": "100", "num_branches": 0, "num_partial_branches": 0, "covered_branches": 0, "missing_branches": 0, "percent_branches_covered": 100.0, "percent_branches_covered_display": "100"}, "missing_lines": [], "excluded_lines": [], "executed_branches": [], "missing_branches": []}, "": {"executed_lines": [1, 7, 9, 10, 11, 13, 15, 18, 21, 24, 25, 31, 39, 43, 44, 48, 49, 53, 84, 127, 160, 212], "summary": {"covered_lines": 20, "num_statements": 20, "percent_covered": 100.0, "percent_covered_display": "100", "missing_lines": 0, "excluded_lines": 0, "percent_statements_covered": 100.0, "percent_statements_covered_display": "100", "num_branches": 0, "num_partial_branches": 0, "covered_branches": 0, "missing_branches": 0, "percent_branches_covered": 100.0, "percent_branches_covered_display": "100"}, "missing_lines": [], "excluded_lines": [], "executed_branches": [], "missing_branches": []}}, "classes": {"WebSearchPlugin": {"executed_lines": [33, 41, 46, 51, 59, 94, 95, 100, 101, 103, 104, 105, 109, 110, 114, 115, 121, 122, 138, 139, 142, 143, 146, 148, 149, 152, 153, 154, 158, 170, 179, 184, 190, 196, 197, 200, 201, 202, 210, 221, 223, 224, 225], "summary": {"covered_lines": 43, "num_statements": 43, "percent_covered": 100.0, "percent_covered_display": "100", "missing_lines": 0, "excluded_lines": 0, "percent_statements_covered": 100.0, "percent_statements_covered_display": "100", "num_branches": 8, "num_partial_branches": 0, "covered_branches": 8, "missing_branches": 0, "percent_branches_covered": 100.0, "percent_branches_covered_display": "100"}, "missing_lines": [], "excluded_lines": [], "executed_branches": [[94, 95], [94, 100], [148, 149], [148, 152], [153, 154], [153, 158], [200, 201], [200, 210]], "missing_branches": []}, "": {"executed_lines": [1, 7, 9, 10, 11, 13, 15, 18, 21, 24, 25, 31, 39, 43, 44, 48, 49, 53, 84, 127, 160, 212], "summary": {"covered_lines": 20, "num_statements": 20, "percent_covered": 100.0, "percent_covered_display": "100", "missing_lines": 0, "excluded_lines": 0, "percent_statements_covered": 100.0, "percent_statements_covered_display": "100", "num_branches": 0, "num_partial_branches": 0, "covered_branches": 0, "missing_branches": 0, "percent_branches_covered": 100.0, "percent_branches_covered_display": "100"}, "missing_lines": [], "excluded_lines": [], "executed_branches": [], "missing_branches": []}}}, "src/protocol/__init__.py": {"executed_lines": [1, 3, 12, 18, 19, 21], "summary": {"covered_lines": 5, "num_statements": 5, "percent_covered": 100.0, "percent_covered_display": "100", "missing_lines": 0, "excluded_lines": 0, "percent_statements_covered": 100.0, "percent_statements_covered_display": "100", "num_branches": 0, "num_partial_branches": 0, "covered_branches": 0, "missing_branches": 0, "percent_branches_covered": 100.0, "percent_branches_covered_display": "100"}, "missing_lines": [], "excluded_lines": [], "executed_branches": [], "missing_branches": [], "functions": {"": {"executed_lines": [1, 3, 12, 18, 19, 21], "summary": {"covered_lines": 5, "num_statements": 5, "percent_covered": 100.0, "percent_covered_display": "100", "missing_lines": 0, "excluded_lines": 0, "percent_statements_covered": 100.0, "percent_statements_covered_display": "100", "num_branches": 0, "num_partial_branches": 0, "covered_branches": 0, "missing_branches": 0, "percent_branches_covered": 100.0, "percent_branches_covered_display": "100"}, "missing_lines": [], "excluded_lines": [], "executed_branches": [], "missing_branches": []}}, "classes": {"": {"executed_lines": [1, 3, 12, 18, 19, 21], "summary": {"covered_lines": 5, "num_statements": 5, "percent_covered": 100.0, "percent_covered_display": "100", "missing_lines": 0, "excluded_lines": 0, "percent_statements_covered": 100.0, "percent_statements_covered_display": "100", "num_branches": 0, "num_partial_branches": 0, "covered_branches": 0, "missing_branches": 0, "percent_branches_covered": 100.0, "percent_branches_covered_display": "100"}, "missing_lines": [], "excluded_lines": [], "executed_branches": [], "missing_branches": []}}}, "src/protocol/jsonrpc.py": {"executed_lines": [1, 6, 8, 9, 10, 13, 14, 15, 16, 17, 20, 23, 24, 26, 34, 35, 36, 37, 40, 41, 42, 44, 45, 46, 49, 50, 51, 53, 54, 57, 70, 71, 76, 77, 78, 79, 82, 83, 86, 87, 90, 91, 92, 95, 96, 100, 101, 102, 104, 106, 109, 119, 124, 127, 144, 148, 149, 151, 156, 159, 169, 173, 174, 176], "summary": {"covered_lines": 60, "num_statements": 62, "percent_covered": 95.0, "percent_covered_display": "95", "missing_lines": 2, "excluded_lines": 0, "percent_statements_covered": 96.7741935483871, "percent_statements_covered_display": "97", "num_branches": 18, "num_partial_branches": 2, "covered_branches": 16, "missing_branches": 2, "percent_branches_covered": 88.88888888888889, "percent_branches_covered_display": "89"}, "missing_lines": [97, 103], "excluded_lines": [], "executed_branches": [[70, 71], [70, 76], [82, 83], [82, 86], [86, 87], [86, 90], [91, 92], [91, 95], [96, 100], [100, 101], [100, 106], [102, 104], [148, 149], [148, 151], [173, 174], [173, 176]], "missing_branches": [[96, 97], [102, 103]], "functions": {"JsonRpcError.__init__": {"executed_lines": [34, 35, 36, 37], "summary": {"covered_lines": 4, "num_statements": 4, "percent_covered": 100.0, "percent_covered_display": "100", "missing_lines": 0, "excluded_lines": 0, "percent_statements_covered": 100.0, "percent_statements_covered_display": "100", "num_branches": 0, "num_partial_branches": 0, "covered_branches": 0, "missing_branches": 0, "percent_branches_covered": 100.0, "percent_branches_covered_display": "100"}, "missing_lines": [], "excluded_lines": [], "executed_branches": [], "missing_branches": []}, "parse_message": {"executed_lines": [70, 71, 76, 77, 78, 79, 82, 83, 86, 87, 90, 91, 92, 95, 96, 100, 101, 102, 104, 106], "summary": {"covered_lines": 20, "num_statements": 22, "percent_covered": 88.88888888888889, "percent_covered_display": "89", "missing_lines": 2, "excluded_lines": 0, "percent_statements_covered": 90.9090909090909, "percent_statements_covered_display": "91", "num_branches": 14, "num_partial_branches": 2, "covered_branches": 12, "missing_branches": 2, "percent_branches_covered": 85.71428571428571, "percent_branches_covered_display": "86"}, "missing_lines": [97, 103], "excluded_lines": [], "executed_branches": [[70, 71], [70, 76], [82, 83], [82, 86], [86, 87], [86, 90], [91, 92], [91, 95], [96, 100], [100, 101], [100, 106], [102, 104]], "missing_branches": [[96, 97], [102, 103]]}, "format_response": {"executed_lines": [119, 124], "summary": {"covered_lines": 2, "num_statements": 2, "percent_covered": 100.0, "percent_covered_display": "100", "missing_lines": 0, "excluded_lines": 0, "percent_statements_covered": 100.0, "percent_statements_covered_display": "100", "num_branches": 0, "num_partial_branches": 0, "covered_branches": 0, "missing_branches": 0, "percent_branches_covered": 100.0, "percent_branches_covered_display": "100"}, "missing_lines": [], "excluded_lines": [], "executed_branches": [], "missing_branches": []}, "format_error": {"executed_lines": [144, 148, 149, 151, 156], "summary": {"covered_lines": 5, "num_statements": 5, "percent_covered": 100.0, "percent_covered_display": "100", "missing_lines": 0, "excluded_lines": 0, "percent_statements_covered": 100.0, "percent_statements_covered_display": "100", "num_branches": 2, "num_partial_branches": 0, "covered_branches": 2, "missing_branches": 0, "percent_branches_covered": 100.0, "percent_branches_covered_display": "100"}, "missing_lines": [], "excluded_lines": [], "executed_branches": [[148, 149], [148, 151]], "missing_branches": []}, "format_notification": {"executed_lines": [169, 173, 174, 176], "summary": {"covered_lines": 4, "num_statements": 4, "percent_covered": 100.0, "percent_covered_display": "100", "missing_lines": 0, "excluded_lines": 0, "percent_statements_covered": 100.0, "percent_statements_covered_display": "100", "num_branches": 2, "num_partial_branches": 0, "covered_branches": 2, "missing_branches": 0, "percent_branches_covered": 100.0, "percent_branches_covered_display": "100"}, "missing_lines": [], "excluded_lines": [], "executed_branches": [[173, 174], [173, 176]], "missing_branches": []}, "": {"executed_lines": [1, 6, 8, 9, 10, 13, 14, 15, 16, 17, 20, 23, 24, 26, 40, 41, 42, 44, 45, 46, 49, 50, 51, 53, 54, 57, 109, 127, 159], "summary": {"covered_lines": 25, "num_statements": 25, "percent_covered": 100.0, "percent_covered_display": "100", "missing_lines": 0, "excluded_lines": 0, "percent_statements_covered": 100.0, "percent_statements_covered_display": "100", "num_branches": 0, "num_partial_branches": 0, "covered_branches": 0, "missing_branches": 0, "percent_branches_covered": 100.0, "percent_branches_covered_display": "100"}, "missing_lines": [], "excluded_lines": [], "executed_branches": [], "missing_branches": []}}, "classes": {"JsonRpcError": {"executed_lines": [34, 35, 36, 37], "summary": {"covered_lines": 4, "num_statements": 4, "percent_covered": 100.0, "percent_covered_display": "100", "missing_lines": 0, "excluded_lines": 0, "percent_statements_covered": 100.0, "percent_statements_covered_display": "100", "num_branches": 0, "num_partial_branches": 0, "covered_branches": 0, "missing_branches": 0, "percent_branches_covered": 100.0, "percent_branches_covered_display": "100"}, "missing_lines": [], "excluded_lines": [], "executed_branches": [], "missing_branches": []}, "JsonRpcRequest": {"executed_lines": [], "summary": {"covered_lines": 0, "num_statements": 0, "percent_covered": 100.0, "percent_covered_display": "100", "missing_lines": 0, "excluded_lines": 0, "percent_statements_covered": 100.0, "percent_statements_covered_display": "100", "num_branches": 0, "num_partial_branches": 0, "covered_branches": 0, "missing_branches": 0, "percent_branches_covered": 100.0, "percent_branches_covered_display": "100"}, "missing_lines": [], "excluded_lines": [], "executed_branches": [], "missing_branches": []}, "JsonRpcNotification": {"executed_lines": [], "summary": {"covered_lines": 0, "num_statements": 0, "percent_covered": 100.0, "percent_covered_display": "100", "missing_lines": 0, "excluded_lines": 0, "percent_statements_covered": 100.0, "percent_statements_covered_display": "100", "num_branches": 0, "num_partial_branches": 0, "covered_branches": 0, "missing_branches": 0, "percent_branches_covered": 100.0, "percent_branches_covered_display": "100"}, "missing_lines": [], "excluded_lines": [], "executed_branches": [], "missing_branches": []}, "": {"executed_lines": [1, 6, 8, 9, 10, 13, 14, 15, 16, 17, 20, 23, 24, 26, 40, 41, 42, 44, 45, 46, 49, 50, 51, 53, 54, 57, 70, 71, 76, 77, 78, 79, 82, 83, 86, 87, 90, 91, 92, 95, 96, 100, 101, 102, 104, 106, 109, 119, 124, 127, 144, 148, 149, 151, 156, 159, 169, 173, 174, 176], "summary": {"covered_lines": 56, "num_statements": 58, "percent_covered": 94.73684210526316, "percent_covered_display": "95", "missing_lines": 2, "excluded_lines": 0, "percent_statements_covered": 96.55172413793103, "percent_statements_covered_display": "97", "num_branches": 18, "num_partial_branches": 2, "covered_branches": 16, "missing_branches": 2, "percent_branches_covered": 88.88888888888889, "percent_branches_covered_display": "89"}, "missing_lines": [97, 103], "excluded_lines": [], "executed_branches": [[70, 71], [70, 76], [82, 83], [82, 86], [86, 87], [86, 90], [91, 92], [91, 95], [96, 100], [100, 101], [100, 106], [102, 104], [148, 149], [148, 151], [173, 174], [173, 176]], "missing_branches": [[96, 97], [102, 103]]}}}, "src/protocol/lifecycle.py": {"executed_lines": [1, 6, 8, 9, 10, 13, 16, 17, 19, 20, 21, 22, 25, 26, 28, 31, 32, 33, 39, 42, 43, 44, 45, 47, 48, 50, 52, 53, 59, 61, 62, 68, 70, 76, 77, 78, 79, 81, 93, 94, 97, 98, 99, 105, 106, 109, 112, 118, 124, 125, 127, 129, 131], "summary": {"covered_lines": 49, "num_statements": 49, "percent_covered": 100.0, "percent_covered_display": "100", "missing_lines": 0, "excluded_lines": 0, "percent_statements_covered": 100.0, "percent_statements_covered_display": "100", "num_branches": 10, "num_partial_branches": 0, "covered_branches": 10, "missing_branches": 0, "percent_branches_covered": 100.0, "percent_branches_covered_display": "100"}, "missing_lines": [], "excluded_lines": [], "executed_branches": [[76, 77], [76, 78], [78, -70], [78, 79], [93, 94], [93, 97], [98, 99], [98, 105], [124, 125], [124, 127]], "missing_branches": [], "functions": {"LifecycleManager.is_ready": {"executed_lines": [50], "summary": {"covered_lines": 1, "num_statements": 1, "percent_covered": 100.0, "percent_covered_display": "100", "missing_lines": 0, "excluded_lines": 0, "percent_statements_covered": 100.0, "percent_statements_covered_display": "100", "num_branches": 0, "num_partial_branches": 0, "covered_branches": 0, "missing_branches": 0, "percent_branches_covered": 100.0, "percent_branches_covered_display": "100"}, "missing_lines": [], "excluded_lines": [], "executed_branches": [], "missing_branches": []}, "LifecycleManager.connected_client": {"executed_lines": [59], "summary": {"covered_lines": 1, "num_statements": 1, "percent_covered": 100.0, "percent_covered_display": "100", "missing_lines": 0, "excluded_lines": 0, "percent_statements_covered": 100.0, "percent_statements_covered_display": "100", "num_branches": 0, "num_partial_branches": 0, "covered_branches": 0, "missing_branches": 0, "percent_branches_covered": 100.0, "percent_branches_covered_display": "100"}, "missing_lines": [], "excluded_lines": [], "executed_branches": [], "missing_branches": []}, "LifecycleManager.client_caps": {"executed_lines": [68], "summary": {"covered_lines": 1, "num_statements": 1, "percent_covered": 100.0, "percent_covered_display": "100", "missing_lines": 0, "excluded_lines": 0, "percent_statements_covered": 100.0, "percent_statements_covered_display": "100", "num_branches": 0, "num_partial_branches": 0, "covered_branches": 0, "missing_branches": 0, "percent_branches_covered": 100.0, "percent_branches_covered_display": "100"}, "missing_lines": [], "excluded_lines": [], "executed_branches": [], "missing_branches": []}, "LifecycleManager.require_ready": {"executed_lines": [76, 77, 78, 79], "summary": {"covered_lines": 4, "num_statements": 4, "percent_covered": 100.0, "percent_covered_display": "100", "missing_lines": 0, "excluded_lines": 0, "percent_statements_covered": 100.0, "percent_statements_covered_display": "100", "num_branches": 4, "num_partial_branches": 0, "covered_branches": 4, "missing_branches": 0, "percent_branches_covered": 100.0, "percent_branches_covered_display": "100"}, "missing_lines": [], "excluded_lines": [], "executed_branches": [[76, 77], [76, 78], [78, -70], [78, 79]], "missing_branches": []}, "LifecycleManager.handle_initialize": {"executed_lines": [93, 94, 97, 98, 99, 105, 106, 109, 112], "summary": {"covered_lines": 9, "num_statements": 9, "percent_covered": 100.0, "percent_covered_display": "100", "missing_lines": 0, "excluded_lines": 0, "percent_statements_covered": 100.0, "percent_statements_covered_display": "100", "num_branches": 4, "num_partial_branches": 0, "covered_branches": 4, "missing_branches": 0, "percent_branches_covered": 100.0, "percent_branches_covered_display": "100"}, "missing_lines": [], "excluded_lines": [], "executed_branches": [[93, 94], [93, 97], [98, 99], [98, 105]], "missing_branches": []}, "LifecycleManager.handle_initialized": {"executed_lines": [124, 125, 127], "summary": {"covered_lines": 3, "num_statements": 3, "percent_covered": 100.0, "percent_covered_display": "100", "missing_lines": 0, "excluded_lines": 0, "percent_statements_covered": 100.0, "percent_statements_covered_display": "100", "num_branches": 2, "num_partial_branches": 0, "covered_branches": 2, "missing_branches": 0, "percent_branches_covered": 100.0, "percent_branches_covered_display": "100"}, "missing_lines": [], "excluded_lines": [], "executed_branches": [[124, 125], [124, 127]], "missing_branches": []}, "LifecycleManager.handle_shutdown": {"executed_lines": [131], "summary": {"covered_lines": 1, "num_statements": 1, "percent_covered": 100.0, "percent_covered_display": "100", "missing_lines": 0, "excluded_lines": 0, "percent_statements_covered": 100.0, "percent_statements_covered_display": "100", "num_branches": 0, "num_partial_branches": 0, "covered_branches": 0, "missing_branches": 0, "percent_branches_covered": 100.0, "percent_branches_covered_display": "100"}, "missing_lines": [], "excluded_lines": [], "executed_branches": [], "missing_branches": []}, "": {"executed_lines": [1, 6, 8, 9, 10, 13, 16, 17, 19, 20, 21, 22, 25, 26, 28, 31, 32, 33, 39, 42, 43, 44, 45, 47, 48, 52, 53, 61, 62, 70, 81, 118, 129], "summary": {"covered_lines": 29, "num_statements": 29, "percent_covered": 100.0, "percent_covered_display": "100", "missing_lines": 0, "excluded_lines": 0, "percent_statements_covered": 100.0, "percent_statements_covered_display": "100", "num_branches": 0, "num_partial_branches": 0, "covered_branches": 0, "missing_branches": 0, "percent_branches_covered": 100.0, "percent_branches_covered_display": "100"}, "missing_lines": [], "excluded_lines": [], "executed_branches": [], "missing_branches": []}}, "classes": {"LifecycleState": {"executed_lines": [], "summary": {"covered_lines": 0, "num_statements": 0, "percent_covered": 100.0, "percent_covered_display": "100", "missing_lines": 0, "excluded_lines": 0, "percent_statements_covered": 100.0, "percent_statements_covered_display": "100", "num_branches": 0, "num_partial_branches": 0, "covered_branches": 0, "missing_branches": 0, "percent_branches_covered": 100.0, "percent_branches_covered_display": "100"}, "missing_lines": [], "excluded_lines": [], "executed_branches": [], "missing_branches": []}, "ProtocolError": {"executed_lines": [], "summary": {"covered_lines": 0, "num_statements": 0, "percent_covered": 100.0, "percent_covered_display": "100", "missing_lines": 0, "excluded_lines": 0, "percent_statements_covered": 100.0, "percent_statements_covered_display": "100", "num_branches": 0, "num_partial_branches": 0, "covered_branches": 0, "missing_branches": 0, "percent_branches_covered": 100.0, "percent_branches_covered_display": "100"}, "missing_lines": [], "excluded_lines": [], "executed_branches": [], "missing_branches": []}, "LifecycleManager": {"executed_lines": [50, 59, 68, 76, 77, 78, 79, 93, 94, 97, 98, 99, 105, 106, 109, 112, 124, 125, 127, 131], "summary": {"covered_lines": 20, "num_statements": 20, "percent_covered": 100.0, "percent_covered_display": "100", "missing_lines": 0, "excluded_lines": 0, "percent_statements_covered": 100.0, "percent_statements_covered_display": "100", "num_branches": 10, "num_partial_branches": 0, "covered_branches": 10, "missing_branches": 0, "percent_branches_covered": 100.0, "percent_branches_covered_display": "100"}, "missing_lines": [], "excluded_lines": [], "executed_branches": [[76, 77], [76, 78], [78, -70], [78, 79], [93, 94], [93, 97], [98, 99], [98, 105], [124, 125], [124, 127]], "missing_branches": []}, "": {"executed_lines": [1, 6, 8, 9, 10, 13, 16, 17, 19, 20, 21, 22, 25, 26, 28, 31, 32, 33, 39, 42, 43, 44, 45, 47, 48, 52, 53, 61, 62, 70, 81, 118, 129], "summary": {"covered_lines": 29, "num_statements": 29, "percent_covered": 100.0, "percent_covered_display": "100", "missing_lines": 0, "excluded_lines": 0, "percent_statements_covered": 100.0, "percent_statements_covered_display": "100", "num_branches": 0, "num_partial_branches": 0, "covered_branches": 0, "missing_branches": 0, "percent_branches_covered": 100.0, "percent_branches_covered_display": "100"}, "missing_lines": [], "excluded_lines": [], "executed_branches": [], "missing_branches": []}}}, "src/protocol/tools.py": {"executed_lines": [1, 6, 8, 9, 11, 14, 15, 16, 18, 20, 26, 29, 30, 31, 33, 34, 36, 42, 48, 49, 55, 61, 63, 69, 70, 72, 82, 83, 84, 88, 89, 93, 94], "summary": {"covered_lines": 29, "num_statements": 29, "percent_covered": 100.0, "percent_covered_display": "100", "missing_lines": 0, "excluded_lines": 0, "percent_statements_covered": 100.0, "percent_statements_covered_display": "100", "num_branches": 0, "num_partial_branches": 0, "covered_branches": 0, "missing_branches": 0, "percent_branches_covered": 100.0, "percent_branches_covered_display": "100"}, "missing_lines": [], "excluded_lines": [], "executed_branches": [], "missing_branches": [], "functions": {"ToolsListResult.to_dict": {"executed_lines": [26], "summary": {"covered_lines": 1, "num_statements": 1, "percent_covered": 100.0, "percent_covered_display": "100", "missing_lines": 0, "excluded_lines": 0, "percent_statements_covered": 100.0, "percent_statements_covered_display": "100", "num_branches": 0, "num_partial_branches": 0, "covered_branches": 0, "missing_branches": 0, "percent_branches_covered": 100.0, "percent_branches_covered_display": "100"}, "missing_lines": [], "excluded_lines": [], "executed_branches": [], "missing_branches": []}, "ToolsCallResult.to_dict": {"executed_lines": [42], "summary": {"covered_lines": 1, "num_statements": 1, "percent_covered": 100.0, "percent_covered_display": "100", "missing_lines": 0, "excluded_lines": 0, "percent_statements_covered": 100.0, "perc
[...]
m_statements": 18, "percent_covered": 92.3076923076923, "percent_covered_display": "92", "missing_lines": 2, "excluded_lines": 0, "percent_statements_covered": 88.88888888888889, "percent_statements_covered_display": "89", "num_branches": 8, "num_partial_branches": 0, "covered_branches": 8, "missing_branches": 0, "percent_branches_covered": 100.0, "percent_branches_covered_display": "100"}, "missing_lines": [73, 74], "excluded_lines": [], "executed_branches": [[57, 58], [57, 61], [61, 62], [61, 65], [65, 66], [65, 68], [77, 78], [77, 84]], "missing_branches": []}, "sanitize_command": {"executed_lines": [99, 102, 103, 104, 108], "summary": {"covered_lines": 5, "num_statements": 5, "percent_covered": 100.0, "percent_covered_display": "100", "missing_lines": 0, "excluded_lines": 0, "percent_statements_covered": 100.0, "percent_statements_covered_display": "100", "num_branches": 4, "num_partial_branches": 0, "covered_branches": 4, "missing_branches": 0, "percent_branches_covered": 100.0, "percent_branches_covered_display": "100"}, "missing_lines": [], "excluded_lines": [], "executed_branches": [[102, 103], [102, 108], [103, 102], [103, 104]], "missing_branches": []}, "InputValidator.__init__": {"executed_lines": [129, 130, 133, 134, 136, 137, 138, 139, 140], "summary": {"covered_lines": 9, "num_statements": 15, "percent_covered": 63.1578947368421, "percent_covered_display": "63", "missing_lines": 6, "excluded_lines": 0, "percent_statements_covered": 60.0, "percent_statements_covered_display": "60", "num_branches": 4, "num_partial_branches": 1, "covered_branches": 3, "missing_branches": 1, "percent_branches_covered": 75.0, "percent_branches_covered_display": "75"}, "missing_lines": [141, 142, 144, 145, 146, 147], "excluded_lines": [], "executed_branches": [[134, -118], [134, 136], [136, 137]], "missing_branches": [[136, 144]]}, "InputValidator._is_path_allowed": {"executed_lines": [151, 152, 153, 154], "summary": {"covered_lines": 4, "num_statements": 4, "percent_covered": 100.0, "percent_covered_display": "100", "missing_lines": 0, "excluded_lines": 0, "percent_statements_covered": 100.0, "percent_statements_covered_display": "100", "num_branches": 4, "num_partial_branches": 0, "covered_branches": 4, "missing_branches": 0, "percent_branches_covered": 100.0, "percent_branches_covered_display": "100"}, "missing_lines": [], "excluded_lines": [], "executed_branches": [[151, 152], [151, 154], [152, 151], [152, 153]], "missing_branches": []}, "InputValidator._is_path_denied": {"executed_lines": [158, 159, 160, 161], "summary": {"covered_lines": 4, "num_statements": 4, "percent_covered": 100.0, "percent_covered_display": "100", "missing_lines": 0, "excluded_lines": 0, "percent_statements_covered": 100.0, "percent_statements_covered_display": "100", "num_branches": 4, "num_partial_branches": 0, "covered_branches": 4, "missing_branches": 0, "percent_branches_covered": 100.0, "percent_branches_covered_display": "100"}, "missing_lines": [], "excluded_lines": [], "executed_branches": [[158, 159], [158, 161], [159, 158], [159, 160]], "missing_branches": []}, "InputValidator._is_command_blocked": {"executed_lines": [166, 168, 170, 171, 172], "summary": {"covered_lines": 5, "num_statements": 5, "percent_covered": 100.0, "percent_covered_display": "100", "missing_lines": 0, "excluded_lines": 0, "percent_statements_covered": 100.0, "percent_statements_covered_display": "100", "num_branches": 4, "num_partial_branches": 0, "covered_branches": 4, "missing_branches": 0, "percent_branches_covered": 100.0, "percent_branches_covered_display": "100"}, "missing_lines": [], "excluded_lines": [], "executed_branches": [[168, 170], [168, 172], [170, 168], [170, 171]], "missing_branches": []}, "InputValidator._validate_string_length": {"executed_lines": [176, 177], "summary": {"covered_lines": 2, "num_statements": 2, "percent_covered": 100.0, "percent_covered_display": "100", "missing_lines": 0, "excluded_lines": 0, "percent_statements_covered": 100.0, "percent_statements_covered_display": "100", "num_branches": 2, "num_partial_branches": 0, "covered_branches": 2, "missing_branches": 0, "percent_branches_covered": 100.0, "percent_branches_covered_display": "100"}, "missing_lines": [], "excluded_lines": [], "executed_branches": [[176, -174], [176, 177]], "missing_branches": []}, "InputValidator._validate_path_field": {"executed_lines": [184, 187, 188, 191, 192, 194], "summary": {"covered_lines": 6, "num_statements": 6, "percent_covered": 100.0, "percent_covered_display": "100", "missing_lines": 0, "excluded_lines": 0, "percent_statements_covered": 100.0, "percent_statements_covered_display": "100", "num_branches": 4, "num_partial_branches": 0, "covered_branches": 4, "missing_branches": 0, "percent_branches_covered": 100.0, "percent_branches_covered_display": "100"}, "missing_lines": [], "excluded_lines": [], "executed_branches": [[187, 188], [187, 191], [191, 192], [191, 194]], "missing_branches": []}, "InputValidator._validate_command_field": {"executed_lines": [199, 202, 203, 205], "summary": {"covered_lines": 4, "num_statements": 4, "percent_covered": 100.0, "percent_covered_display": "100", "missing_lines": 0, "excluded_lines": 0, "percent_statements_covered": 100.0, "percent_statements_covered_display": "100", "num_branches": 2, "num_partial_branches": 0, "covered_branches": 2, "missing_branches": 0, "percent_branches_covered": 100.0, "percent_branches_covered_display": "100"}, "missing_lines": [], "excluded_lines": [], "executed_branches": [[202, 203], [202, 205]], "missing_branches": []}, "InputValidator._process_value": {"executed_lines": [209, 210, 213, 214, 215, 216, 217, 219], "summary": {"covered_lines": 8, "num_statements": 8, "percent_covered": 100.0, "percent_covered_display": "100", "missing_lines": 0, "excluded_lines": 0, "percent_statements_covered": 100.0, "percent_statements_covered_display": "100", "num_branches": 6, "num_partial_branches": 0, "covered_branches": 6, "missing_branches": 0, "percent_branches_covered": 100.0, "percent_branches_covered_display": "100"}, "missing_lines": [], "excluded_lines": [], "executed_branches": [[209, 210], [209, 219], [214, 215], [214, 216], [216, 217], [216, 219]], "missing_branches": []}, "InputValidator._process_arguments": {"executed_lines": [225, 226, 228, 229, 231, 233, 234, 236, 237, 242, 244], "summary": {"covered_lines": 11, "num_statements": 11, "percent_covered": 100.0, "percent_covered_display": "100", "missing_lines": 0, "excluded_lines": 0, "percent_statements_covered": 100.0, "percent_statements_covered_display": "100", "num_branches": 6, "num_partial_branches": 0, "covered_branches": 6, "missing_branches": 0, "percent_branches_covered": 100.0, "percent_branches_covered_display": "100"}, "missing_lines": [], "excluded_lines": [], "executed_branches": [[228, 229], [228, 244], [231, 233], [231, 234], [234, 236], [234, 242]], "missing_branches": []}, "InputValidator.validate_tool_input": {"executed_lines": [263, 264, 265, 266, 268, 269, 270, 271, 275], "summary": {"covered_lines": 9, "num_statements": 10, "percent_covered": 91.66666666666667, "percent_covered_display": "92", "missing_lines": 1, "excluded_lines": 0, "percent_statements_covered": 90.0, "percent_statements_covered_display": "90", "num_branches": 2, "num_partial_branches": 0, "covered_branches": 2, "missing_branches": 0, "percent_branches_covered": 100.0, "percent_branches_covered_display": "100"}, "missing_lines": [272], "excluded_lines": [], "executed_branches": [[266, 268], [266, 275]], "missing_branches": []}, "": {"executed_lines": [1, 7, 9, 10, 11, 12, 13, 15, 16, 18, 22, 23, 25, 29, 32, 43, 87, 111, 112, 118, 149, 156, 163, 174, 181, 196, 207, 221, 246], "summary": {"covered_lines": 25, "num_statements": 25, "percent_covered": 100.0, "percent_covered_display": "100", "missing_lines": 0, "excluded_lines": 2, "percent_statements_covered": 100.0, "percent_statements_covered_display": "100", "num_branches": 0, "num_partial_branches": 0, "covered_branches": 0, "missing_branches": 0, "percent_branches_covered": 100.0, "percent_branches_covered_display": "100"}, "missing_lines": [], "excluded_lines": [18, 19], "executed_branches": [], "missing_branches": []}}, "classes": {"ValidationError": {"executed_lines": [], "summary": {"covered_lines": 0, "num_statements": 0, "percent_covered": 100.0, "percent_covered_display": "100", "missing_lines": 0, "excluded_lines": 0, "percent_statements_covered": 100.0, "percent_statements_covered_display": "100", "num_branches": 0, "num_partial_branches": 0, "covered_branches": 0, "missing_branches": 0, "percent_branches_covered": 100.0, "percent_branches_covered_display": "100"}, "missing_lines": [], "excluded_lines": [], "executed_branches": [], "missing_branches": []}, "InputValidator": {"executed_lines": [129, 130, 133, 134, 136, 137, 138, 139, 140, 151, 152, 153, 154, 158, 159, 160, 161, 166, 168, 170, 171, 172, 176, 177, 184, 187, 188, 191, 192, 194, 199, 202, 203, 205, 209, 210, 213, 214, 215, 216, 217, 219, 225, 226, 228, 229, 231, 233, 234, 236, 237, 242, 244, 263, 264, 265, 266, 268, 269, 270, 271, 275], "summary": {"covered_lines": 62, "num_statements": 69, "percent_covered": 92.5233644859813, "percent_covered_display": "93", "missing_lines": 7, "excluded_lines": 0, "percent_statements_covered": 89.85507246376811, "percent_statements_covered_display": "90", "num_branches": 38, "num_partial_branches": 1, "covered_branches": 37, "missing_branches": 1, "percent_branches_covered": 97.36842105263158, "percent_branches_covered_display": "97"}, "missing_lines": [141, 142, 144, 145, 146, 147, 272], "excluded_lines": [], "executed_branches": [[134, -118], [134, 136], [136, 137], [151, 152], [151, 154], [152, 151], [152, 153], [158, 159], [158, 161], [159, 158], [159, 160], [168, 170], [168, 172], [170, 168], [170, 171], [176, -174], [176, 177], [187, 188], [187, 191], [191, 192], [191, 194], [202, 203], [202, 205], [209, 210], [209, 219], [214, 215], [214, 216], [216, 217], [216, 219], [228, 229], [228, 244], [231, 233], [231, 234], [234, 236], [234, 242], [266, 268], [266, 275]], "missing_branches": [[136, 144]]}, "": {"executed_lines": [1, 7, 9, 10, 11, 12, 13, 15, 16, 18, 22, 23, 25, 29, 32, 43, 57, 58, 61, 62, 65, 66, 68, 70, 72, 77, 78, 79, 80, 81, 82, 84, 87, 99, 102, 103, 104, 108, 111, 112, 118, 149, 156, 163, 174, 181, 196, 207, 221, 246], "summary": {"covered_lines": 46, "num_statements": 48, "percent_covered": 96.66666666666667, "percent_covered_display": "97", "missing_lines": 2, "excluded_lines": 2, "percent_statements_covered": 95.83333333333333, "percent_statements_covered_display": "96", "num_branches": 12, "num_partial_branches": 0, "covered_branches": 12, "missing_branches": 0, "percent_branches_covered": 100.0, "percent_branches_covered_display": "100"}, "missing_lines": [73, 74], "excluded_lines": [18, 19], "executed_branches": [[57, 58], [57, 61], [61, 62], [61, 65], [65, 66], [65, 68], [77, 78], [77, 84], [102, 103], [102, 108], [103, 102], [103, 104]], "missing_branches": []}}}, "src/server.py": {"executed_lines": [1, 6, 8, 9, 11, 12, 13, 23, 24, 25, 26, 29, 30, 38, 45, 46, 49, 58, 59, 60, 61, 63, 69, 71, 77, 79, 88, 89, 90, 91, 93, 94, 96, 98, 104, 105, 106, 107, 108, 110, 112, 121, 122, 123, 126, 127, 128, 129, 134, 135, 136, 137, 140, 141, 142, 144, 145, 146, 149, 150, 151, 152, 154, 155, 158, 160, 162, 164, 166, 168, 170], "summary": {"covered_lines": 69, "num_statements": 71, "percent_covered": 97.59036144578313, "percent_covered_display": "98", "missing_lines": 2, "excluded_lines": 0, "percent_statements_covered": 97.1830985915493, "percent_statements_covered_display": "97", "num_branches": 12, "num_partial_branches": 0, "covered_branches": 12, "missing_branches": 0, "percent_branches_covered": 100.0, "percent_branches_covered_display": "100"}, "missing_lines": [130, 131], "excluded_lines": [], "executed_branches": [[45, 46], [45, 49], [93, 94], [93, 96], [104, 105], [104, 110], [126, 127], [126, 134], [140, 141], [140, 144], [144, 145], [144, 158]], "missing_branches": [], "functions": {"MCPServer.__init__": {"executed_lines": [45, 46, 49, 58, 59, 60, 61], "summary": {"covered_lines": 7, "num_statements": 7, "percent_covered": 100.0, "percent_covered_display": "100", "missing_lines": 0, "excluded_lines": 0, "percent_statements_covered": 100.0, "percent_statements_covered_display": "100", "num_branches": 2, "num_partial_branches": 0, "covered_branches": 2, "missing_branches": 0, "percent_branches_covered": 100.0, "percent_branches_covered_display": "100"}, "missing_lines": [], "excluded_lines": [], "executed_branches": [[45, 46], [45, 49]], "missing_branches": []}, "MCPServer.register_plugin": {"executed_lines": [69], "summary": {"covered_lines": 1, "num_statements": 1, "percent_covered": 100.0, "percent_covered_display": "100", "missing_lines": 0, "excluded_lines": 0, "percent_statements_covered": 100.0, "percent_statements_covered_display": "100", "num_branches": 0, "num_partial_branches": 0, "covered_branches": 0, "missing_branches": 0, "percent_branches_covered": 100.0, "percent_branches_covered_display": "100"}, "missing_lines": [], "excluded_lines": [], "executed_branches": [], "missing_branches": []}, "MCPServer.list_tools": {"executed_lines": [77], "summary": {"covered_lines": 1, "num_statements": 1, "percent_covered": 100.0, "percent_covered_display": "100", "missing_lines": 0, "excluded_lines": 0, "percent_statements_covered": 100.0, "percent_statements_covered_display": "100", "num_branches": 0, "num_partial_branches": 0, "covered_branches": 0, "missing_branches": 0, "percent_branches_covered": 100.0, "percent_branches_covered_display": "100"}, "missing_lines": [], "excluded_lines": [], "executed_branches": [], "missing_branches": []}, "MCPServer.handle_message": {"executed_lines": [88, 89, 90, 91, 93, 94, 96], "summary": {"covered_lines": 7, "num_statements": 7, "percent_covered": 100.0, "percent_covered_display": "100", "missing_lines": 0, "excluded_lines": 0, "percent_statements_covered": 100.0, "percent_statements_covered_display": "100", "num_branches": 2, "num_partial_branches": 0, "covered_branches": 2, "missing_branches": 0, "percent_branches_covered": 100.0, "percent_branches_covered_display": "100"}, "missing_lines": [], "excluded_lines": [], "executed_branches": [[93, 94], [93, 96]], "missing_branches": []}, "MCPServer._handle_notification": {"executed_lines": [104, 105, 106, 107, 108, 110], "summary": {"covered_lines": 6, "num_statements": 6, "percent_covered": 100.0, "percent_covered_display": "100", "missing_lines": 0, "excluded_lines": 0, "percent_statements_covered": 100.0, "percent_statements_covered_display": "100", "num_branches": 2, "num_partial_branches": 0, "covered_branches": 2, "missing_branches": 0, "percent_branches_covered": 100.0, "percent_branches_covered_display": "100"}, "missing_lines": [], "excluded_lines": [], "executed_branches": [[104, 105], [104, 110]], "missing_branches": []}, "MCPServer._handle_request": {"executed_lines": [121, 122, 123, 126, 127, 128, 129, 134, 135, 136, 137, 140, 141, 142, 144, 145, 146, 149, 150, 151, 152, 154, 155, 158], "summary": {"covered_lines": 24, "num_statements": 26, "percent_covered": 93.75, "percent_covered_display": "94", "missing_lines": 2, "excluded_lines": 0, "percent_statements_covered": 92.3076923076923, "percent_statements_covered_display": "92", "num_branches": 6, "num_partial_branches": 0, "covered_branches": 6, "missing_branches": 0, "percent_branches_covered": 100.0, "percent_branches_covered_display": "100"}, "missing_lines": [130, 131], "excluded_lines": [], "executed_branches": [[126, 127], [126, 134], [140, 141], [140, 144], [144, 145], [144, 158]], "missing_branches": []}, "MCPServer.close": {"executed_lines": [162], "summary": {"covered_lines": 1, "num_statements": 1, "percent_covered": 100.0, "percent_covered_display": "100", "missing_lines": 0, "excluded_lines": 0, "percent_statements_covered": 100.0, "percent_statements_covered_display": "100", "num_branches": 0, "num_partial_branches": 0, "covered_branches": 0, "missing_branches": 0, "percent_branches_covered": 100.0, "percent_branches_covered_display": "100"}, "missing_lines": [], "excluded_lines": [], "executed_branches": [], "missing_branches": []}, "MCPServer.__enter__": {"executed_lines": [166], "summary": {"covered_lines": 1, "num_statements": 1, "percent_covered": 100.0, "percent_covered_display": "100", "missing_lines": 0, "excluded_lines": 0, "percent_statements_covered": 100.0, "percent_statements_covered_display": "100", "num_branches": 0, "num_partial_branches": 0, "covered_branches": 0, "missing_branches": 0, "percent_branches_covered": 100.0, "percent_branches_covered_display": "100"}, "missing_lines": [], "excluded_lines": [], "executed_branches": [], "missing_branches": []}, "MCPServer.__exit__": {"executed_lines": [170], "summary": {"covered_lines": 1, "num_statements": 1, "percent_covered": 100.0, "percent_covered_display": "100", "missing_lines": 0, "excluded_lines": 0, "percent_statements_covered": 100.0, "percent_statements_covered_display": "100", "num_branches": 0, "num_partial_branches": 0, "covered_branches": 0, "missing_branches": 0, "percent_branches_covered": 100.0, "percent_branches_covered_display": "100"}, "missing_lines": [], "excluded_lines": [], "executed_branches": [], "missing_branches": []}, "": {"executed_lines": [1, 6, 8, 9, 11, 12, 13, 23, 24, 25, 26, 29, 30, 38, 63, 71, 79, 98, 112, 160, 164, 168], "summary": {"covered_lines": 20, "num_statements": 20, "percent_covered": 100.0, "percent_covered_display": "100", "missing_lines": 0, "excluded_lines": 0, "percent_statements_covered": 100.0, "percent_statements_covered_display": "100", "num_branches": 0, "num_partial_branches": 0, "covered_branches": 0, "missing_branches": 0, "percent_branches_covered": 100.0, "percent_branches_covered_display": "100"}, "missing_lines": [], "excluded_lines": [], "executed_branches": [], "missing_branches": []}}, "classes": {"MCPServer": {"executed_lines": [45, 46, 49, 58, 59, 60, 61, 69, 77, 88, 89, 90, 91, 93, 94, 96, 104, 105, 106, 107, 108, 110, 121, 122, 123, 126, 127, 128, 129, 134, 135, 136, 137, 140, 141, 142, 144, 145, 146, 149, 150, 151, 152, 154, 155, 158, 162, 166, 170], "summary": {"covered_lines": 49, "num_statements": 51, "percent_covered": 96.82539682539682, "percent_covered_display": "97", "missing_lines": 2, "excluded_lines": 0, "percent_statements_covered": 96.07843137254902, "percent_statements_covered_display": "96", "num_branches": 12, "num_partial_branches": 0, "covered_branches": 12, "missing_branches": 0, "percent_branches_covered": 100.0, "percent_branches_covered_display": "100"}, "missing_lines": [130, 131], "excluded_lines": [], "executed_branches": [[45, 46], [45, 49], [93, 94], [93, 96], [104, 105], [104, 110], [126, 127], [126, 134], [140, 141], [140, 144], [144, 145], [144, 158]], "missing_branches": []}, "": {"executed_lines": [1, 6, 8, 9, 11, 12, 13, 23, 24, 25, 26, 29, 30, 38, 63, 71, 79, 98, 112, 160, 164, 168], "summary": {"covered_lines": 20, "num_statements": 20, "percent_covered": 100.0, "percent_covered_display": "100", "missing_lines": 0, "excluded_lines": 0, "percent_statements_covered": 100.0, "percent_statements_covered_display": "100", "num_branches": 0, "num_partial_branches": 0, "covered_branches": 0, "missing_branches": 0, "percent_branches_covered": 100.0, "percent_branches_covered_display": "100"}, "missing_lines": [], "excluded_lines": [], "executed_branches": [], "missing_branches": []}}}}, "totals": {"covered_lines": 1152, "num_statements": 1185, "percent_covered": 96.30127774041695, "percent_covered_display": "96", "missing_lines": 33, "excluded_lines": 4, "percent_statements_covered": 97.21518987341773, "percent_statements_covered_display": "97", "num_branches": 302, "num_partial_branches": 22, "covered_branches": 280, "missing_branches": 22, "percent_branches_covered": 92.71523178807946, "percent_branches_covered_display": "93"}}